{"/home/lucao/Documentos/workspace-javascript/pedidopago-monorepo/microservices/products/src/core/domain/entities/Entity.ts": {"path":"/home/lucao/Documentos/workspace-javascript/pedidopago-monorepo/microservices/products/src/core/domain/entities/Entity.ts","all":false,"statementMap":{"0":{"start":{"line":1,"column":0},"end":{"line":1,"column":40}},"1":{"start":{"line":2,"column":0},"end":{"line":2,"column":0}},"2":{"start":{"line":3,"column":0},"end":{"line":3,"column":33}},"3":{"start":{"line":4,"column":0},"end":{"line":4,"column":32}},"4":{"start":{"line":5,"column":0},"end":{"line":5,"column":17}},"5":{"start":{"line":6,"column":0},"end":{"line":6,"column":0}},"6":{"start":{"line":7,"column":0},"end":{"line":7,"column":13}},"7":{"start":{"line":8,"column":0},"end":{"line":8,"column":19}},"8":{"start":{"line":9,"column":0},"end":{"line":9,"column":3}},"9":{"start":{"line":10,"column":0},"end":{"line":10,"column":0}},"10":{"start":{"line":11,"column":0},"end":{"line":11,"column":39}},"11":{"start":{"line":12,"column":0},"end":{"line":12,"column":22}},"12":{"start":{"line":13,"column":0},"end":{"line":13,"column":33}},"13":{"start":{"line":14,"column":0},"end":{"line":14,"column":3}},"14":{"start":{"line":15,"column":0},"end":{"line":15,"column":1}}},"s":{"0":1,"1":1,"2":1,"3":1,"4":1,"5":1,"6":1,"7":68,"8":68,"9":1,"10":1,"11":209,"12":209,"13":209,"14":1},"branchMap":{"0":{"type":"branch","line":7,"loc":{"start":{"line":7,"column":2},"end":{"line":9,"column":3}},"locations":[{"start":{"line":7,"column":2},"end":{"line":9,"column":3}}]},"1":{"type":"branch","line":11,"loc":{"start":{"line":11,"column":2},"end":{"line":14,"column":3}},"locations":[{"start":{"line":11,"column":2},"end":{"line":14,"column":3}}]},"2":{"type":"branch","line":13,"loc":{"start":{"line":13,"column":17},"end":{"line":13,"column":31}},"locations":[{"start":{"line":13,"column":17},"end":{"line":13,"column":31}}]}},"b":{"0":[68],"1":[209],"2":[122]},"fnMap":{"0":{"name":"get id","decl":{"start":{"line":7,"column":2},"end":{"line":9,"column":3}},"loc":{"start":{"line":7,"column":2},"end":{"line":9,"column":3}},"line":7},"1":{"name":"Entity","decl":{"start":{"line":11,"column":2},"end":{"line":14,"column":3}},"loc":{"start":{"line":11,"column":2},"end":{"line":14,"column":3}},"line":11}},"f":{"0":68,"1":209}}
,"/home/lucao/Documentos/workspace-javascript/pedidopago-monorepo/microservices/products/src/core/domain/logic/Either.ts": {"path":"/home/lucao/Documentos/workspace-javascript/pedidopago-monorepo/microservices/products/src/core/domain/logic/Either.ts","all":false,"statementMap":{"0":{"start":{"line":1,"column":0},"end":{"line":1,"column":25}},"1":{"start":{"line":2,"column":0},"end":{"line":2,"column":19}},"2":{"start":{"line":3,"column":0},"end":{"line":3,"column":0}},"3":{"start":{"line":4,"column":0},"end":{"line":4,"column":26}},"4":{"start":{"line":5,"column":0},"end":{"line":5,"column":22}},"5":{"start":{"line":6,"column":0},"end":{"line":6,"column":3}},"6":{"start":{"line":7,"column":0},"end":{"line":7,"column":0}},"7":{"start":{"line":8,"column":0},"end":{"line":8,"column":33}},"8":{"start":{"line":9,"column":0},"end":{"line":9,"column":15}},"9":{"start":{"line":10,"column":0},"end":{"line":10,"column":3}},"10":{"start":{"line":11,"column":0},"end":{"line":11,"column":0}},"11":{"start":{"line":12,"column":0},"end":{"line":12,"column":35}},"12":{"start":{"line":13,"column":0},"end":{"line":13,"column":16}},"13":{"start":{"line":14,"column":0},"end":{"line":14,"column":3}},"14":{"start":{"line":15,"column":0},"end":{"line":15,"column":1}},"15":{"start":{"line":16,"column":0},"end":{"line":16,"column":0}},"16":{"start":{"line":17,"column":0},"end":{"line":17,"column":26}},"17":{"start":{"line":18,"column":0},"end":{"line":18,"column":19}},"18":{"start":{"line":19,"column":0},"end":{"line":19,"column":0}},"19":{"start":{"line":20,"column":0},"end":{"line":20,"column":26}},"20":{"start":{"line":21,"column":0},"end":{"line":21,"column":22}},"21":{"start":{"line":22,"column":0},"end":{"line":22,"column":3}},"22":{"start":{"line":23,"column":0},"end":{"line":23,"column":0}},"23":{"start":{"line":24,"column":0},"end":{"line":24,"column":33}},"24":{"start":{"line":25,"column":0},"end":{"line":25,"column":16}},"25":{"start":{"line":26,"column":0},"end":{"line":26,"column":3}},"26":{"start":{"line":27,"column":0},"end":{"line":27,"column":0}},"27":{"start":{"line":28,"column":0},"end":{"line":28,"column":35}},"28":{"start":{"line":29,"column":0},"end":{"line":29,"column":15}},"29":{"start":{"line":30,"column":0},"end":{"line":30,"column":3}},"30":{"start":{"line":31,"column":0},"end":{"line":31,"column":1}},"31":{"start":{"line":32,"column":0},"end":{"line":32,"column":0}},"32":{"start":{"line":33,"column":0},"end":{"line":33,"column":51}},"33":{"start":{"line":34,"column":0},"end":{"line":34,"column":0}},"34":{"start":{"line":35,"column":0},"end":{"line":35,"column":51}},"35":{"start":{"line":36,"column":0},"end":{"line":36,"column":26}},"36":{"start":{"line":37,"column":0},"end":{"line":37,"column":1}},"37":{"start":{"line":38,"column":0},"end":{"line":38,"column":0}},"38":{"start":{"line":39,"column":0},"end":{"line":39,"column":52}},"39":{"start":{"line":40,"column":0},"end":{"line":40,"column":27}},"40":{"start":{"line":41,"column":0},"end":{"line":41,"column":1}}},"s":{"0":1,"1":1,"2":1,"3":1,"4":58,"5":58,"6":1,"7":1,"8":56,"9":56,"10":1,"11":1,"12":2,"13":2,"14":1,"15":1,"16":1,"17":1,"18":1,"19":1,"20":238,"21":238,"22":1,"23":1,"24":51,"25":51,"26":1,"27":1,"28":12,"29":12,"30":1,"31":1,"32":1,"33":1,"34":1,"35":58,"36":58,"37":1,"38":1,"39":238,"40":238},"branchMap":{"0":{"type":"branch","line":8,"loc":{"start":{"line":8,"column":2},"end":{"line":10,"column":3}},"locations":[{"start":{"line":8,"column":2},"end":{"line":10,"column":3}}]},"1":{"type":"branch","line":12,"loc":{"start":{"line":12,"column":2},"end":{"line":14,"column":3}},"locations":[{"start":{"line":12,"column":2},"end":{"line":14,"column":3}}]},"2":{"type":"branch","line":4,"loc":{"start":{"line":4,"column":2},"end":{"line":6,"column":3}},"locations":[{"start":{"line":4,"column":2},"end":{"line":6,"column":3}}]},"3":{"type":"branch","line":24,"loc":{"start":{"line":24,"column":2},"end":{"line":26,"column":3}},"locations":[{"start":{"line":24,"column":2},"end":{"line":26,"column":3}}]},"4":{"type":"branch","line":28,"loc":{"start":{"line":28,"column":2},"end":{"line":30,"column":3}},"locations":[{"start":{"line":28,"column":2},"end":{"line":30,"column":3}}]},"5":{"type":"branch","line":20,"loc":{"start":{"line":20,"column":2},"end":{"line":22,"column":3}},"locations":[{"start":{"line":20,"column":2},"end":{"line":22,"column":3}}]},"6":{"type":"branch","line":35,"loc":{"start":{"line":35,"column":20},"end":{"line":37,"column":1}},"locations":[{"start":{"line":35,"column":20},"end":{"line":37,"column":1}}]},"7":{"type":"branch","line":39,"loc":{"start":{"line":39,"column":21},"end":{"line":41,"column":1}},"locations":[{"start":{"line":39,"column":21},"end":{"line":41,"column":1}}]}},"b":{"0":[56],"1":[2],"2":[58],"3":[51],"4":[12],"5":[238],"6":[58],"7":[238]},"fnMap":{"0":{"name":"isLeft","decl":{"start":{"line":8,"column":2},"end":{"line":10,"column":3}},"loc":{"start":{"line":8,"column":2},"end":{"line":10,"column":3}},"line":8},"1":{"name":"isRight","decl":{"start":{"line":12,"column":2},"end":{"line":14,"column":3}},"loc":{"start":{"line":12,"column":2},"end":{"line":14,"column":3}},"line":12},"2":{"name":"Left","decl":{"start":{"line":4,"column":2},"end":{"line":6,"column":3}},"loc":{"start":{"line":4,"column":2},"end":{"line":6,"column":3}},"line":4},"3":{"name":"isLeft","decl":{"start":{"line":24,"column":2},"end":{"line":26,"column":3}},"loc":{"start":{"line":24,"column":2},"end":{"line":26,"column":3}},"line":24},"4":{"name":"isRight","decl":{"start":{"line":28,"column":2},"end":{"line":30,"column":3}},"loc":{"start":{"line":28,"column":2},"end":{"line":30,"column":3}},"line":28},"5":{"name":"Right","decl":{"start":{"line":20,"column":2},"end":{"line":22,"column":3}},"loc":{"start":{"line":20,"column":2},"end":{"line":22,"column":3}},"line":20},"6":{"name":"left","decl":{"start":{"line":35,"column":20},"end":{"line":37,"column":1}},"loc":{"start":{"line":35,"column":20},"end":{"line":37,"column":1}},"line":35},"7":{"name":"right","decl":{"start":{"line":39,"column":21},"end":{"line":41,"column":1}},"loc":{"start":{"line":39,"column":21},"end":{"line":41,"column":1}},"line":39}},"f":{"0":56,"1":2,"2":58,"3":51,"4":12,"5":238,"6":58,"7":238}}
,"/home/lucao/Documentos/workspace-javascript/pedidopago-monorepo/microservices/products/src/domain/entities/Product.ts": {"path":"/home/lucao/Documentos/workspace-javascript/pedidopago-monorepo/microservices/products/src/domain/entities/Product.ts","all":false,"statementMap":{"0":{"start":{"line":1,"column":0},"end":{"line":1,"column":58}},"1":{"start":{"line":2,"column":0},"end":{"line":2,"column":68}},"2":{"start":{"line":3,"column":0},"end":{"line":3,"column":8}},"3":{"start":{"line":4,"column":0},"end":{"line":4,"column":17}},"4":{"start":{"line":5,"column":0},"end":{"line":5,"column":24}},"5":{"start":{"line":6,"column":0},"end":{"line":6,"column":25}},"6":{"start":{"line":7,"column":0},"end":{"line":7,"column":19}},"7":{"start":{"line":8,"column":0},"end":{"line":8,"column":18}},"8":{"start":{"line":9,"column":0},"end":{"line":9,"column":22}},"9":{"start":{"line":10,"column":0},"end":{"line":10,"column":18}},"10":{"start":{"line":11,"column":0},"end":{"line":11,"column":22}},"11":{"start":{"line":12,"column":0},"end":{"line":12,"column":0}},"12":{"start":{"line":13,"column":0},"end":{"line":13,"column":24}},"13":{"start":{"line":14,"column":0},"end":{"line":14,"column":20}},"14":{"start":{"line":15,"column":0},"end":{"line":15,"column":15}},"15":{"start":{"line":16,"column":0},"end":{"line":16,"column":16}},"16":{"start":{"line":17,"column":0},"end":{"line":17,"column":22}},"17":{"start":{"line":18,"column":0},"end":{"line":18,"column":24}},"18":{"start":{"line":19,"column":0},"end":{"line":19,"column":17}},"19":{"start":{"line":20,"column":0},"end":{"line":20,"column":25}},"20":{"start":{"line":21,"column":0},"end":{"line":21,"column":1}},"21":{"start":{"line":22,"column":0},"end":{"line":22,"column":0}},"22":{"start":{"line":23,"column":0},"end":{"line":23,"column":51}},"23":{"start":{"line":24,"column":0},"end":{"line":24,"column":58}},"24":{"start":{"line":25,"column":0},"end":{"line":25,"column":20}},"25":{"start":{"line":26,"column":0},"end":{"line":26,"column":3}},"26":{"start":{"line":27,"column":0},"end":{"line":27,"column":0}},"27":{"start":{"line":28,"column":0},"end":{"line":28,"column":59}},"28":{"start":{"line":29,"column":0},"end":{"line":29,"column":20}},"29":{"start":{"line":30,"column":0},"end":{"line":30,"column":27}},"30":{"start":{"line":31,"column":0},"end":{"line":31,"column":28}},"31":{"start":{"line":32,"column":0},"end":{"line":32,"column":22}},"32":{"start":{"line":33,"column":0},"end":{"line":33,"column":21}},"33":{"start":{"line":34,"column":0},"end":{"line":34,"column":25}},"34":{"start":{"line":35,"column":0},"end":{"line":35,"column":21}},"35":{"start":{"line":36,"column":0},"end":{"line":36,"column":11}},"36":{"start":{"line":37,"column":0},"end":{"line":37,"column":5}},"37":{"start":{"line":38,"column":0},"end":{"line":38,"column":68}},"38":{"start":{"line":39,"column":0},"end":{"line":39,"column":71}},"39":{"start":{"line":40,"column":0},"end":{"line":40,"column":23}},"40":{"start":{"line":41,"column":0},"end":{"line":41,"column":5}},"41":{"start":{"line":42,"column":0},"end":{"line":42,"column":73}},"42":{"start":{"line":43,"column":0},"end":{"line":43,"column":24}},"43":{"start":{"line":44,"column":0},"end":{"line":44,"column":5}},"44":{"start":{"line":45,"column":0},"end":{"line":45,"column":74}},"45":{"start":{"line":46,"column":0},"end":{"line":46,"column":71}},"46":{"start":{"line":47,"column":0},"end":{"line":47,"column":67}},"47":{"start":{"line":48,"column":0},"end":{"line":48,"column":21}},"48":{"start":{"line":49,"column":0},"end":{"line":49,"column":5}},"49":{"start":{"line":50,"column":0},"end":{"line":50,"column":78}},"50":{"start":{"line":51,"column":0},"end":{"line":51,"column":0}},"51":{"start":{"line":52,"column":0},"end":{"line":52,"column":42}},"52":{"start":{"line":53,"column":0},"end":{"line":53,"column":0}},"53":{"start":{"line":54,"column":0},"end":{"line":54,"column":26}},"54":{"start":{"line":55,"column":0},"end":{"line":55,"column":39}},"55":{"start":{"line":56,"column":0},"end":{"line":56,"column":5}},"56":{"start":{"line":57,"column":0},"end":{"line":57,"column":0}},"57":{"start":{"line":58,"column":0},"end":{"line":58,"column":33}},"58":{"start":{"line":59,"column":0},"end":{"line":59,"column":46}},"59":{"start":{"line":60,"column":0},"end":{"line":60,"column":5}},"60":{"start":{"line":61,"column":0},"end":{"line":61,"column":0}},"61":{"start":{"line":62,"column":0},"end":{"line":62,"column":34}},"62":{"start":{"line":63,"column":0},"end":{"line":63,"column":47}},"63":{"start":{"line":64,"column":0},"end":{"line":64,"column":5}},"64":{"start":{"line":65,"column":0},"end":{"line":65,"column":0}},"65":{"start":{"line":66,"column":0},"end":{"line":66,"column":28}},"66":{"start":{"line":67,"column":0},"end":{"line":67,"column":41}},"67":{"start":{"line":68,"column":0},"end":{"line":68,"column":5}},"68":{"start":{"line":69,"column":0},"end":{"line":69,"column":0}},"69":{"start":{"line":70,"column":0},"end":{"line":70,"column":27}},"70":{"start":{"line":71,"column":0},"end":{"line":71,"column":40}},"71":{"start":{"line":72,"column":0},"end":{"line":72,"column":5}},"72":{"start":{"line":73,"column":0},"end":{"line":73,"column":0}},"73":{"start":{"line":74,"column":0},"end":{"line":74,"column":31}},"74":{"start":{"line":75,"column":0},"end":{"line":75,"column":44}},"75":{"start":{"line":76,"column":0},"end":{"line":76,"column":5}},"76":{"start":{"line":77,"column":0},"end":{"line":77,"column":0}},"77":{"start":{"line":78,"column":0},"end":{"line":78,"column":27}},"78":{"start":{"line":79,"column":0},"end":{"line":79,"column":41}},"79":{"start":{"line":80,"column":0},"end":{"line":80,"column":5}},"80":{"start":{"line":81,"column":0},"end":{"line":81,"column":0}},"81":{"start":{"line":82,"column":0},"end":{"line":82,"column":25}},"82":{"start":{"line":83,"column":0},"end":{"line":83,"column":3}},"83":{"start":{"line":84,"column":0},"end":{"line":84,"column":1}}},"s":{"0":1,"1":1,"2":1,"3":1,"4":1,"5":1,"6":1,"7":1,"8":1,"9":1,"10":1,"11":1,"12":1,"13":1,"14":1,"15":1,"16":1,"17":1,"18":1,"19":1,"20":1,"21":1,"22":1,"23":1,"24":209,"25":209,"26":1,"27":1,"28":209,"29":209,"30":209,"31":209,"32":209,"33":209,"34":209,"35":209,"36":209,"37":209,"38":209,"39":209,"40":209,"41":209,"42":209,"43":209,"44":209,"45":209,"46":209,"47":209,"48":209,"49":209,"50":209,"51":209,"52":209,"53":209,"54":8,"55":8,"56":201,"57":209,"58":3,"59":3,"60":198,"61":209,"62":1,"63":1,"64":197,"65":209,"66":5,"67":5,"68":192,"69":209,"70":3,"71":3,"72":189,"73":209,"74":4,"75":4,"76":185,"77":209,"78":2,"79":2,"80":183,"81":183,"82":183,"83":1},"branchMap":{"0":{"type":"branch","line":28,"loc":{"start":{"line":28,"column":9},"end":{"line":83,"column":3}},"locations":[{"start":{"line":28,"column":9},"end":{"line":83,"column":3}}]},"1":{"type":"branch","line":54,"loc":{"start":{"line":54,"column":25},"end":{"line":58,"column":32}},"locations":[{"start":{"line":54,"column":25},"end":{"line":58,"column":32}}]},"2":{"type":"branch","line":54,"loc":{"start":{"line":54,"column":25},"end":{"line":56,"column":5}},"locations":[{"start":{"line":54,"column":25},"end":{"line":56,"column":5}}]},"3":{"type":"branch","line":57,"loc":{"start":{"line":57,"column":-1},"end":{"line":58,"column":32}},"locations":[{"start":{"line":57,"column":-1},"end":{"line":58,"column":32}}]},"4":{"type":"branch","line":58,"loc":{"start":{"line":58,"column":32},"end":{"line":60,"column":5}},"locations":[{"start":{"line":58,"column":32},"end":{"line":60,"column":5}}]},"5":{"type":"branch","line":61,"loc":{"start":{"line":61,"column":-1},"end":{"line":62,"column":33}},"locations":[{"start":{"line":61,"column":-1},"end":{"line":62,"column":33}}]},"6":{"type":"branch","line":62,"loc":{"start":{"line":62,"column":33},"end":{"line":66,"column":27}},"locations":[{"start":{"line":62,"column":33},"end":{"line":66,"column":27}}]},"7":{"type":"branch","line":62,"loc":{"start":{"line":62,"column":33},"end":{"line":64,"column":5}},"locations":[{"start":{"line":62,"column":33},"end":{"line":64,"column":5}}]},"8":{"type":"branch","line":65,"loc":{"start":{"line":65,"column":-1},"end":{"line":66,"column":27}},"locations":[{"start":{"line":65,"column":-1},"end":{"line":66,"column":27}}]},"9":{"type":"branch","line":66,"loc":{"start":{"line":66,"column":27},"end":{"line":68,"column":5}},"locations":[{"start":{"line":66,"column":27},"end":{"line":68,"column":5}}]},"10":{"type":"branch","line":69,"loc":{"start":{"line":69,"column":-1},"end":{"line":70,"column":26}},"locations":[{"start":{"line":69,"column":-1},"end":{"line":70,"column":26}}]},"11":{"type":"branch","line":70,"loc":{"start":{"line":70,"column":26},"end":{"line":72,"column":5}},"locations":[{"start":{"line":70,"column":26},"end":{"line":72,"column":5}}]},"12":{"type":"branch","line":73,"loc":{"start":{"line":73,"column":-1},"end":{"line":74,"column":30}},"locations":[{"start":{"line":73,"column":-1},"end":{"line":74,"column":30}}]},"13":{"type":"branch","line":74,"loc":{"start":{"line":74,"column":30},"end":{"line":76,"column":5}},"locations":[{"start":{"line":74,"column":30},"end":{"line":76,"column":5}}]},"14":{"type":"branch","line":77,"loc":{"start":{"line":77,"column":-1},"end":{"line":78,"column":26}},"locations":[{"start":{"line":77,"column":-1},"end":{"line":78,"column":26}}]},"15":{"type":"branch","line":78,"loc":{"start":{"line":78,"column":26},"end":{"line":80,"column":5}},"locations":[{"start":{"line":78,"column":26},"end":{"line":80,"column":5}}]},"16":{"type":"branch","line":81,"loc":{"start":{"line":81,"column":-1},"end":{"line":83,"column":3}},"locations":[{"start":{"line":81,"column":-1},"end":{"line":83,"column":3}}]},"17":{"type":"branch","line":24,"loc":{"start":{"line":24,"column":2},"end":{"line":26,"column":3}},"locations":[{"start":{"line":24,"column":2},"end":{"line":26,"column":3}}]}},"b":{"0":[209],"1":[208],"2":[8],"3":[201],"4":[3],"5":[198],"6":[208],"7":[1],"8":[197],"9":[5],"10":[192],"11":[3],"12":[189],"13":[4],"14":[185],"15":[2],"16":[183],"17":[209]},"fnMap":{"0":{"name":"create","decl":{"start":{"line":28,"column":9},"end":{"line":83,"column":3}},"loc":{"start":{"line":28,"column":9},"end":{"line":83,"column":3}},"line":28},"1":{"name":"Product","decl":{"start":{"line":24,"column":2},"end":{"line":26,"column":3}},"loc":{"start":{"line":24,"column":2},"end":{"line":26,"column":3}},"line":24}},"f":{"0":209,"1":209}}
,"/home/lucao/Documentos/workspace-javascript/pedidopago-monorepo/microservices/products/src/domain/entities/validations/AvailabilityValidation.ts": {"path":"/home/lucao/Documentos/workspace-javascript/pedidopago-monorepo/microservices/products/src/domain/entities/validations/AvailabilityValidation.ts","all":false,"statementMap":{"0":{"start":{"line":1,"column":0},"end":{"line":1,"column":69}},"1":{"start":{"line":2,"column":0},"end":{"line":2,"column":0}},"2":{"start":{"line":3,"column":0},"end":{"line":3,"column":74}},"3":{"start":{"line":4,"column":0},"end":{"line":4,"column":52}},"4":{"start":{"line":5,"column":0},"end":{"line":5,"column":24}},"5":{"start":{"line":6,"column":0},"end":{"line":6,"column":54}},"6":{"start":{"line":7,"column":0},"end":{"line":7,"column":58}},"7":{"start":{"line":8,"column":0},"end":{"line":8,"column":0}},"8":{"start":{"line":9,"column":0},"end":{"line":9,"column":18}},"9":{"start":{"line":10,"column":0},"end":{"line":10,"column":5}},"10":{"start":{"line":11,"column":0},"end":{"line":11,"column":0}},"11":{"start":{"line":12,"column":0},"end":{"line":12,"column":15}},"12":{"start":{"line":13,"column":0},"end":{"line":13,"column":3}},"13":{"start":{"line":14,"column":0},"end":{"line":14,"column":1}}},"s":{"0":1,"1":1,"2":1,"3":1,"4":209,"5":5,"6":5,"7":5,"8":5,"9":5,"10":204,"11":204,"12":204,"13":1},"branchMap":{"0":{"type":"branch","line":4,"loc":{"start":{"line":4,"column":2},"end":{"line":13,"column":3}},"locations":[{"start":{"line":4,"column":2},"end":{"line":13,"column":3}}]},"1":{"type":"branch","line":5,"loc":{"start":{"line":5,"column":23},"end":{"line":13,"column":3}},"locations":[{"start":{"line":5,"column":23},"end":{"line":13,"column":3}}]},"2":{"type":"branch","line":5,"loc":{"start":{"line":5,"column":23},"end":{"line":10,"column":5}},"locations":[{"start":{"line":5,"column":23},"end":{"line":10,"column":5}}]},"3":{"type":"branch","line":11,"loc":{"start":{"line":11,"column":-1},"end":{"line":13,"column":3}},"locations":[{"start":{"line":11,"column":-1},"end":{"line":13,"column":3}}]}},"b":{"0":[209],"1":[207],"2":[5],"3":[204]},"fnMap":{"0":{"name":"validate","decl":{"start":{"line":4,"column":2},"end":{"line":13,"column":3}},"loc":{"start":{"line":4,"column":2},"end":{"line":13,"column":3}},"line":4}},"f":{"0":209}}
,"/home/lucao/Documentos/workspace-javascript/pedidopago-monorepo/microservices/products/src/domain/entities/validations/IngredientsValidation.ts": {"path":"/home/lucao/Documentos/workspace-javascript/pedidopago-monorepo/microservices/products/src/domain/entities/validations/IngredientsValidation.ts","all":false,"statementMap":{"0":{"start":{"line":1,"column":0},"end":{"line":1,"column":69}},"1":{"start":{"line":2,"column":0},"end":{"line":2,"column":0}},"2":{"start":{"line":3,"column":0},"end":{"line":3,"column":73}},"3":{"start":{"line":4,"column":0},"end":{"line":4,"column":50}},"4":{"start":{"line":5,"column":0},"end":{"line":5,"column":23}},"5":{"start":{"line":6,"column":0},"end":{"line":6,"column":53}},"6":{"start":{"line":7,"column":0},"end":{"line":7,"column":57}},"7":{"start":{"line":8,"column":0},"end":{"line":8,"column":0}},"8":{"start":{"line":9,"column":0},"end":{"line":9,"column":18}},"9":{"start":{"line":10,"column":0},"end":{"line":10,"column":5}},"10":{"start":{"line":11,"column":0},"end":{"line":11,"column":0}},"11":{"start":{"line":12,"column":0},"end":{"line":12,"column":40}},"12":{"start":{"line":13,"column":0},"end":{"line":13,"column":53}},"13":{"start":{"line":14,"column":0},"end":{"line":14,"column":73}},"14":{"start":{"line":15,"column":0},"end":{"line":15,"column":0}},"15":{"start":{"line":16,"column":0},"end":{"line":16,"column":18}},"16":{"start":{"line":17,"column":0},"end":{"line":17,"column":5}},"17":{"start":{"line":18,"column":0},"end":{"line":18,"column":0}},"18":{"start":{"line":19,"column":0},"end":{"line":19,"column":42}},"19":{"start":{"line":20,"column":0},"end":{"line":20,"column":53}},"20":{"start":{"line":21,"column":0},"end":{"line":21,"column":80}},"21":{"start":{"line":22,"column":0},"end":{"line":22,"column":0}},"22":{"start":{"line":23,"column":0},"end":{"line":23,"column":18}},"23":{"start":{"line":24,"column":0},"end":{"line":24,"column":5}},"24":{"start":{"line":25,"column":0},"end":{"line":25,"column":0}},"25":{"start":{"line":26,"column":0},"end":{"line":26,"column":15}},"26":{"start":{"line":27,"column":0},"end":{"line":27,"column":3}},"27":{"start":{"line":28,"column":0},"end":{"line":28,"column":1}}},"s":{"0":1,"1":1,"2":1,"3":1,"4":209,"5":5,"6":5,"7":5,"8":5,"9":5,"10":204,"11":209,"12":1,"13":1,"14":1,"15":1,"16":1,"17":203,"18":209,"19":1,"20":1,"21":1,"22":1,"23":1,"24":202,"25":202,"26":202,"27":1},"branchMap":{"0":{"type":"branch","line":4,"loc":{"start":{"line":4,"column":2},"end":{"line":27,"column":3}},"locations":[{"start":{"line":4,"column":2},"end":{"line":27,"column":3}}]},"1":{"type":"branch","line":5,"loc":{"start":{"line":5,"column":22},"end":{"line":12,"column":39}},"locations":[{"start":{"line":5,"column":22},"end":{"line":12,"column":39}}]},"2":{"type":"branch","line":5,"loc":{"start":{"line":5,"column":22},"end":{"line":10,"column":5}},"locations":[{"start":{"line":5,"column":22},"end":{"line":10,"column":5}}]},"3":{"type":"branch","line":11,"loc":{"start":{"line":11,"column":-1},"end":{"line":12,"column":39}},"locations":[{"start":{"line":11,"column":-1},"end":{"line":12,"column":39}}]},"4":{"type":"branch","line":12,"loc":{"start":{"line":12,"column":39},"end":{"line":17,"column":5}},"locations":[{"start":{"line":12,"column":39},"end":{"line":17,"column":5}}]},"5":{"type":"branch","line":18,"loc":{"start":{"line":18,"column":-1},"end":{"line":19,"column":41}},"locations":[{"start":{"line":18,"column":-1},"end":{"line":19,"column":41}}]},"6":{"type":"branch","line":19,"loc":{"start":{"line":19,"column":41},"end":{"line":27,"column":3}},"locations":[{"start":{"line":19,"column":41},"end":{"line":27,"column":3}}]},"7":{"type":"branch","line":19,"loc":{"start":{"line":19,"column":41},"end":{"line":24,"column":5}},"locations":[{"start":{"line":19,"column":41},"end":{"line":24,"column":5}}]},"8":{"type":"branch","line":25,"loc":{"start":{"line":25,"column":-1},"end":{"line":27,"column":3}},"locations":[{"start":{"line":25,"column":-1},"end":{"line":27,"column":3}}]}},"b":{"0":[209],"1":[208],"2":[5],"3":[204],"4":[1],"5":[203],"6":[206],"7":[1],"8":[202]},"fnMap":{"0":{"name":"validate","decl":{"start":{"line":4,"column":2},"end":{"line":27,"column":3}},"loc":{"start":{"line":4,"column":2},"end":{"line":27,"column":3}},"line":4}},"f":{"0":209}}
,"/home/lucao/Documentos/workspace-javascript/pedidopago-monorepo/microservices/products/src/domain/entities/validations/NameValidation.ts": {"path":"/home/lucao/Documentos/workspace-javascript/pedidopago-monorepo/microservices/products/src/domain/entities/validations/NameValidation.ts","all":false,"statementMap":{"0":{"start":{"line":1,"column":0},"end":{"line":1,"column":69}},"1":{"start":{"line":2,"column":0},"end":{"line":2,"column":0}},"2":{"start":{"line":3,"column":0},"end":{"line":3,"column":66}},"3":{"start":{"line":4,"column":0},"end":{"line":4,"column":43}},"4":{"start":{"line":5,"column":0},"end":{"line":5,"column":50}},"5":{"start":{"line":6,"column":0},"end":{"line":6,"column":0}},"6":{"start":{"line":7,"column":0},"end":{"line":7,"column":16}},"7":{"start":{"line":8,"column":0},"end":{"line":8,"column":46}},"8":{"start":{"line":9,"column":0},"end":{"line":9,"column":50}},"9":{"start":{"line":10,"column":0},"end":{"line":10,"column":0}},"10":{"start":{"line":11,"column":0},"end":{"line":11,"column":18}},"11":{"start":{"line":12,"column":0},"end":{"line":12,"column":5}},"12":{"start":{"line":13,"column":0},"end":{"line":13,"column":0}},"13":{"start":{"line":14,"column":0},"end":{"line":14,"column":36}},"14":{"start":{"line":15,"column":0},"end":{"line":15,"column":46}},"15":{"start":{"line":16,"column":0},"end":{"line":16,"column":59}},"16":{"start":{"line":17,"column":0},"end":{"line":17,"column":0}},"17":{"start":{"line":18,"column":0},"end":{"line":18,"column":18}},"18":{"start":{"line":19,"column":0},"end":{"line":19,"column":5}},"19":{"start":{"line":20,"column":0},"end":{"line":20,"column":0}},"20":{"start":{"line":21,"column":0},"end":{"line":21,"column":33}},"21":{"start":{"line":22,"column":0},"end":{"line":22,"column":46}},"22":{"start":{"line":23,"column":0},"end":{"line":23,"column":67}},"23":{"start":{"line":24,"column":0},"end":{"line":24,"column":0}},"24":{"start":{"line":25,"column":0},"end":{"line":25,"column":18}},"25":{"start":{"line":26,"column":0},"end":{"line":26,"column":5}},"26":{"start":{"line":27,"column":0},"end":{"line":27,"column":0}},"27":{"start":{"line":28,"column":0},"end":{"line":28,"column":35}},"28":{"start":{"line":29,"column":0},"end":{"line":29,"column":46}},"29":{"start":{"line":30,"column":0},"end":{"line":30,"column":73}},"30":{"start":{"line":31,"column":0},"end":{"line":31,"column":0}},"31":{"start":{"line":32,"column":0},"end":{"line":32,"column":18}},"32":{"start":{"line":33,"column":0},"end":{"line":33,"column":5}},"33":{"start":{"line":34,"column":0},"end":{"line":34,"column":0}},"34":{"start":{"line":35,"column":0},"end":{"line":35,"column":15}},"35":{"start":{"line":36,"column":0},"end":{"line":36,"column":3}},"36":{"start":{"line":37,"column":0},"end":{"line":37,"column":1}}},"s":{"0":1,"1":1,"2":1,"3":1,"4":209,"5":209,"6":209,"7":5,"8":5,"9":5,"10":5,"11":5,"12":204,"13":209,"14":1,"15":1,"16":1,"17":1,"18":1,"19":203,"20":209,"21":1,"22":1,"23":1,"24":1,"25":1,"26":202,"27":209,"28":1,"29":1,"30":1,"31":1,"32":1,"33":201,"34":201,"35":201,"36":1},"branchMap":{"0":{"type":"branch","line":4,"loc":{"start":{"line":4,"column":2},"end":{"line":36,"column":3}},"locations":[{"start":{"line":4,"column":2},"end":{"line":36,"column":3}}]},"1":{"type":"branch","line":7,"loc":{"start":{"line":7,"column":15},"end":{"line":14,"column":35}},"locations":[{"start":{"line":7,"column":15},"end":{"line":14,"column":35}}]},"2":{"type":"branch","line":7,"loc":{"start":{"line":7,"column":15},"end":{"line":12,"column":5}},"locations":[{"start":{"line":7,"column":15},"end":{"line":12,"column":5}}]},"3":{"type":"branch","line":13,"loc":{"start":{"line":13,"column":-1},"end":{"line":14,"column":35}},"locations":[{"start":{"line":13,"column":-1},"end":{"line":14,"column":35}}]},"4":{"type":"branch","line":14,"loc":{"start":{"line":14,"column":35},"end":{"line":19,"column":5}},"locations":[{"start":{"line":14,"column":35},"end":{"line":19,"column":5}}]},"5":{"type":"branch","line":20,"loc":{"start":{"line":20,"column":-1},"end":{"line":21,"column":32}},"locations":[{"start":{"line":20,"column":-1},"end":{"line":21,"column":32}}]},"6":{"type":"branch","line":21,"loc":{"start":{"line":21,"column":32},"end":{"line":26,"column":5}},"locations":[{"start":{"line":21,"column":32},"end":{"line":26,"column":5}}]},"7":{"type":"branch","line":27,"loc":{"start":{"line":27,"column":-1},"end":{"line":28,"column":34}},"locations":[{"start":{"line":27,"column":-1},"end":{"line":28,"column":34}}]},"8":{"type":"branch","line":28,"loc":{"start":{"line":28,"column":34},"end":{"line":36,"column":3}},"locations":[{"start":{"line":28,"column":34},"end":{"line":36,"column":3}}]},"9":{"type":"branch","line":28,"loc":{"start":{"line":28,"column":34},"end":{"line":33,"column":5}},"locations":[{"start":{"line":28,"column":34},"end":{"line":33,"column":5}}]},"10":{"type":"branch","line":34,"loc":{"start":{"line":34,"column":-1},"end":{"line":36,"column":3}},"locations":[{"start":{"line":34,"column":-1},"end":{"line":36,"column":3}}]}},"b":{"0":[209],"1":[208],"2":[5],"3":[204],"4":[1],"5":[203],"6":[1],"7":[202],"8":[205],"9":[1],"10":[201]},"fnMap":{"0":{"name":"validate","decl":{"start":{"line":4,"column":2},"end":{"line":36,"column":3}},"loc":{"start":{"line":4,"column":2},"end":{"line":36,"column":3}},"line":4}},"f":{"0":209}}
,"/home/lucao/Documentos/workspace-javascript/pedidopago-monorepo/microservices/products/src/domain/entities/validations/OthersValidation.ts": {"path":"/home/lucao/Documentos/workspace-javascript/pedidopago-monorepo/microservices/products/src/domain/entities/validations/OthersValidation.ts","all":false,"statementMap":{"0":{"start":{"line":1,"column":0},"end":{"line":1,"column":69}},"1":{"start":{"line":2,"column":0},"end":{"line":2,"column":0}},"2":{"start":{"line":3,"column":0},"end":{"line":3,"column":68}},"3":{"start":{"line":4,"column":0},"end":{"line":4,"column":44}},"4":{"start":{"line":5,"column":0},"end":{"line":5,"column":34}},"5":{"start":{"line":6,"column":0},"end":{"line":6,"column":48}},"6":{"start":{"line":7,"column":0},"end":{"line":7,"column":69}},"7":{"start":{"line":8,"column":0},"end":{"line":8,"column":0}},"8":{"start":{"line":9,"column":0},"end":{"line":9,"column":18}},"9":{"start":{"line":10,"column":0},"end":{"line":10,"column":5}},"10":{"start":{"line":11,"column":0},"end":{"line":11,"column":0}},"11":{"start":{"line":12,"column":0},"end":{"line":12,"column":36}},"12":{"start":{"line":13,"column":0},"end":{"line":13,"column":48}},"13":{"start":{"line":14,"column":0},"end":{"line":14,"column":75}},"14":{"start":{"line":15,"column":0},"end":{"line":15,"column":0}},"15":{"start":{"line":16,"column":0},"end":{"line":16,"column":18}},"16":{"start":{"line":17,"column":0},"end":{"line":17,"column":5}},"17":{"start":{"line":18,"column":0},"end":{"line":18,"column":0}},"18":{"start":{"line":19,"column":0},"end":{"line":19,"column":15}},"19":{"start":{"line":20,"column":0},"end":{"line":20,"column":3}},"20":{"start":{"line":21,"column":0},"end":{"line":21,"column":1}}},"s":{"0":1,"1":1,"2":1,"3":1,"4":209,"5":5,"6":5,"7":5,"8":5,"9":5,"10":204,"11":209,"12":1,"13":1,"14":1,"15":1,"16":1,"17":203,"18":203,"19":203,"20":1},"branchMap":{"0":{"type":"branch","line":4,"loc":{"start":{"line":4,"column":2},"end":{"line":20,"column":3}},"locations":[{"start":{"line":4,"column":2},"end":{"line":20,"column":3}}]},"1":{"type":"branch","line":5,"loc":{"start":{"line":5,"column":33},"end":{"line":12,"column":35}},"locations":[{"start":{"line":5,"column":33},"end":{"line":12,"column":35}}]},"2":{"type":"branch","line":5,"loc":{"start":{"line":5,"column":33},"end":{"line":10,"column":5}},"locations":[{"start":{"line":5,"column":33},"end":{"line":10,"column":5}}]},"3":{"type":"branch","line":11,"loc":{"start":{"line":11,"column":-1},"end":{"line":12,"column":35}},"locations":[{"start":{"line":11,"column":-1},"end":{"line":12,"column":35}}]},"4":{"type":"branch","line":12,"loc":{"start":{"line":12,"column":35},"end":{"line":20,"column":3}},"locations":[{"start":{"line":12,"column":35},"end":{"line":20,"column":3}}]},"5":{"type":"branch","line":12,"loc":{"start":{"line":12,"column":35},"end":{"line":17,"column":5}},"locations":[{"start":{"line":12,"column":35},"end":{"line":17,"column":5}}]},"6":{"type":"branch","line":18,"loc":{"start":{"line":18,"column":-1},"end":{"line":20,"column":3}},"locations":[{"start":{"line":18,"column":-1},"end":{"line":20,"column":3}}]}},"b":{"0":[209],"1":[208],"2":[5],"3":[204],"4":[207],"5":[1],"6":[203]},"fnMap":{"0":{"name":"validate","decl":{"start":{"line":4,"column":2},"end":{"line":20,"column":3}},"loc":{"start":{"line":4,"column":2},"end":{"line":20,"column":3}},"line":4}},"f":{"0":209}}
,"/home/lucao/Documentos/workspace-javascript/pedidopago-monorepo/microservices/products/src/domain/entities/validations/PriceValidation.ts": {"path":"/home/lucao/Documentos/workspace-javascript/pedidopago-monorepo/microservices/products/src/domain/entities/validations/PriceValidation.ts","all":false,"statementMap":{"0":{"start":{"line":1,"column":0},"end":{"line":1,"column":69}},"1":{"start":{"line":2,"column":0},"end":{"line":2,"column":0}},"2":{"start":{"line":3,"column":0},"end":{"line":3,"column":67}},"3":{"start":{"line":4,"column":0},"end":{"line":4,"column":44}},"4":{"start":{"line":5,"column":0},"end":{"line":5,"column":17}},"5":{"start":{"line":6,"column":0},"end":{"line":6,"column":47}},"6":{"start":{"line":7,"column":0},"end":{"line":7,"column":51}},"7":{"start":{"line":8,"column":0},"end":{"line":8,"column":0}},"8":{"start":{"line":9,"column":0},"end":{"line":9,"column":18}},"9":{"start":{"line":10,"column":0},"end":{"line":10,"column":5}},"10":{"start":{"line":11,"column":0},"end":{"line":11,"column":0}},"11":{"start":{"line":12,"column":0},"end":{"line":12,"column":52}},"12":{"start":{"line":13,"column":0},"end":{"line":13,"column":47}},"13":{"start":{"line":14,"column":0},"end":{"line":14,"column":60}},"14":{"start":{"line":15,"column":0},"end":{"line":15,"column":0}},"15":{"start":{"line":16,"column":0},"end":{"line":16,"column":18}},"16":{"start":{"line":17,"column":0},"end":{"line":17,"column":5}},"17":{"start":{"line":18,"column":0},"end":{"line":18,"column":0}},"18":{"start":{"line":19,"column":0},"end":{"line":19,"column":38}},"19":{"start":{"line":20,"column":0},"end":{"line":20,"column":47}},"20":{"start":{"line":21,"column":0},"end":{"line":21,"column":64}},"21":{"start":{"line":22,"column":0},"end":{"line":22,"column":0}},"22":{"start":{"line":23,"column":0},"end":{"line":23,"column":18}},"23":{"start":{"line":24,"column":0},"end":{"line":24,"column":5}},"24":{"start":{"line":25,"column":0},"end":{"line":25,"column":0}},"25":{"start":{"line":26,"column":0},"end":{"line":26,"column":15}},"26":{"start":{"line":27,"column":0},"end":{"line":27,"column":3}},"27":{"start":{"line":28,"column":0},"end":{"line":28,"column":1}}},"s":{"0":1,"1":1,"2":1,"3":1,"4":209,"5":5,"6":5,"7":5,"8":5,"9":5,"10":204,"11":209,"12":1,"13":1,"14":1,"15":1,"16":1,"17":203,"18":209,"19":1,"20":1,"21":1,"22":1,"23":1,"24":202,"25":202,"26":202,"27":1},"branchMap":{"0":{"type":"branch","line":4,"loc":{"start":{"line":4,"column":2},"end":{"line":27,"column":3}},"locations":[{"start":{"line":4,"column":2},"end":{"line":27,"column":3}}]},"1":{"type":"branch","line":5,"loc":{"start":{"line":5,"column":16},"end":{"line":12,"column":51}},"locations":[{"start":{"line":5,"column":16},"end":{"line":12,"column":51}}]},"2":{"type":"branch","line":5,"loc":{"start":{"line":5,"column":16},"end":{"line":10,"column":5}},"locations":[{"start":{"line":5,"column":16},"end":{"line":10,"column":5}}]},"3":{"type":"branch","line":11,"loc":{"start":{"line":11,"column":-1},"end":{"line":12,"column":51}},"locations":[{"start":{"line":11,"column":-1},"end":{"line":12,"column":51}}]},"4":{"type":"branch","line":12,"loc":{"start":{"line":12,"column":51},"end":{"line":17,"column":5}},"locations":[{"start":{"line":12,"column":51},"end":{"line":17,"column":5}}]},"5":{"type":"branch","line":18,"loc":{"start":{"line":18,"column":-1},"end":{"line":19,"column":37}},"locations":[{"start":{"line":18,"column":-1},"end":{"line":19,"column":37}}]},"6":{"type":"branch","line":19,"loc":{"start":{"line":19,"column":37},"end":{"line":27,"column":3}},"locations":[{"start":{"line":19,"column":37},"end":{"line":27,"column":3}}]},"7":{"type":"branch","line":19,"loc":{"start":{"line":19,"column":37},"end":{"line":24,"column":5}},"locations":[{"start":{"line":19,"column":37},"end":{"line":24,"column":5}}]},"8":{"type":"branch","line":25,"loc":{"start":{"line":25,"column":-1},"end":{"line":27,"column":3}},"locations":[{"start":{"line":25,"column":-1},"end":{"line":27,"column":3}}]}},"b":{"0":[209],"1":[208],"2":[5],"3":[204],"4":[1],"5":[203],"6":[206],"7":[1],"8":[202]},"fnMap":{"0":{"name":"validate","decl":{"start":{"line":4,"column":2},"end":{"line":27,"column":3}},"loc":{"start":{"line":4,"column":2},"end":{"line":27,"column":3}},"line":4}},"f":{"0":209}}
,"/home/lucao/Documentos/workspace-javascript/pedidopago-monorepo/microservices/products/src/domain/entities/validations/ThumbnailValidation.ts": {"path":"/home/lucao/Documentos/workspace-javascript/pedidopago-monorepo/microservices/products/src/domain/entities/validations/ThumbnailValidation.ts","all":false,"statementMap":{"0":{"start":{"line":1,"column":0},"end":{"line":1,"column":69}},"1":{"start":{"line":2,"column":0},"end":{"line":2,"column":0}},"2":{"start":{"line":3,"column":0},"end":{"line":3,"column":71}},"3":{"start":{"line":4,"column":0},"end":{"line":4,"column":48}},"4":{"start":{"line":5,"column":0},"end":{"line":5,"column":63}},"5":{"start":{"line":6,"column":0},"end":{"line":6,"column":0}},"6":{"start":{"line":7,"column":0},"end":{"line":7,"column":21}},"7":{"start":{"line":8,"column":0},"end":{"line":8,"column":51}},"8":{"start":{"line":9,"column":0},"end":{"line":9,"column":55}},"9":{"start":{"line":10,"column":0},"end":{"line":10,"column":0}},"10":{"start":{"line":11,"column":0},"end":{"line":11,"column":18}},"11":{"start":{"line":12,"column":0},"end":{"line":12,"column":5}},"12":{"start":{"line":13,"column":0},"end":{"line":13,"column":0}},"13":{"start":{"line":14,"column":0},"end":{"line":14,"column":38}},"14":{"start":{"line":15,"column":0},"end":{"line":15,"column":51}},"15":{"start":{"line":16,"column":0},"end":{"line":16,"column":72}},"16":{"start":{"line":17,"column":0},"end":{"line":17,"column":0}},"17":{"start":{"line":18,"column":0},"end":{"line":18,"column":18}},"18":{"start":{"line":19,"column":0},"end":{"line":19,"column":5}},"19":{"start":{"line":20,"column":0},"end":{"line":20,"column":0}},"20":{"start":{"line":21,"column":0},"end":{"line":21,"column":40}},"21":{"start":{"line":22,"column":0},"end":{"line":22,"column":51}},"22":{"start":{"line":23,"column":0},"end":{"line":23,"column":78}},"23":{"start":{"line":24,"column":0},"end":{"line":24,"column":0}},"24":{"start":{"line":25,"column":0},"end":{"line":25,"column":18}},"25":{"start":{"line":26,"column":0},"end":{"line":26,"column":5}},"26":{"start":{"line":27,"column":0},"end":{"line":27,"column":0}},"27":{"start":{"line":28,"column":0},"end":{"line":28,"column":47}},"28":{"start":{"line":29,"column":0},"end":{"line":29,"column":51}},"29":{"start":{"line":30,"column":0},"end":{"line":30,"column":70}},"30":{"start":{"line":31,"column":0},"end":{"line":31,"column":0}},"31":{"start":{"line":32,"column":0},"end":{"line":32,"column":18}},"32":{"start":{"line":33,"column":0},"end":{"line":33,"column":5}},"33":{"start":{"line":34,"column":0},"end":{"line":34,"column":0}},"34":{"start":{"line":35,"column":0},"end":{"line":35,"column":15}},"35":{"start":{"line":36,"column":0},"end":{"line":36,"column":3}},"36":{"start":{"line":37,"column":0},"end":{"line":37,"column":1}}},"s":{"0":1,"1":1,"2":1,"3":1,"4":209,"5":209,"6":209,"7":5,"8":5,"9":5,"10":5,"11":5,"12":204,"13":209,"14":1,"15":1,"16":1,"17":1,"18":1,"19":203,"20":209,"21":1,"22":1,"23":1,"24":1,"25":1,"26":202,"27":209,"28":1,"29":1,"30":1,"31":1,"32":1,"33":201,"34":201,"35":201,"36":1},"branchMap":{"0":{"type":"branch","line":4,"loc":{"start":{"line":4,"column":2},"end":{"line":36,"column":3}},"locations":[{"start":{"line":4,"column":2},"end":{"line":36,"column":3}}]},"1":{"type":"branch","line":7,"loc":{"start":{"line":7,"column":20},"end":{"line":14,"column":37}},"locations":[{"start":{"line":7,"column":20},"end":{"line":14,"column":37}}]},"2":{"type":"branch","line":7,"loc":{"start":{"line":7,"column":20},"end":{"line":12,"column":5}},"locations":[{"start":{"line":7,"column":20},"end":{"line":12,"column":5}}]},"3":{"type":"branch","line":13,"loc":{"start":{"line":13,"column":-1},"end":{"line":14,"column":37}},"locations":[{"start":{"line":13,"column":-1},"end":{"line":14,"column":37}}]},"4":{"type":"branch","line":14,"loc":{"start":{"line":14,"column":37},"end":{"line":19,"column":5}},"locations":[{"start":{"line":14,"column":37},"end":{"line":19,"column":5}}]},"5":{"type":"branch","line":20,"loc":{"start":{"line":20,"column":-1},"end":{"line":21,"column":39}},"locations":[{"start":{"line":20,"column":-1},"end":{"line":21,"column":39}}]},"6":{"type":"branch","line":21,"loc":{"start":{"line":21,"column":39},"end":{"line":26,"column":5}},"locations":[{"start":{"line":21,"column":39},"end":{"line":26,"column":5}}]},"7":{"type":"branch","line":27,"loc":{"start":{"line":27,"column":-1},"end":{"line":28,"column":46}},"locations":[{"start":{"line":27,"column":-1},"end":{"line":28,"column":46}}]},"8":{"type":"branch","line":28,"loc":{"start":{"line":28,"column":46},"end":{"line":36,"column":3}},"locations":[{"start":{"line":28,"column":46},"end":{"line":36,"column":3}}]},"9":{"type":"branch","line":28,"loc":{"start":{"line":28,"column":46},"end":{"line":33,"column":5}},"locations":[{"start":{"line":28,"column":46},"end":{"line":33,"column":5}}]},"10":{"type":"branch","line":34,"loc":{"start":{"line":34,"column":-1},"end":{"line":36,"column":3}},"locations":[{"start":{"line":34,"column":-1},"end":{"line":36,"column":3}}]}},"b":{"0":[209],"1":[208],"2":[5],"3":[204],"4":[1],"5":[203],"6":[1],"7":[202],"8":[205],"9":[1],"10":[201]},"fnMap":{"0":{"name":"validate","decl":{"start":{"line":4,"column":2},"end":{"line":36,"column":3}},"loc":{"start":{"line":4,"column":2},"end":{"line":36,"column":3}},"line":4}},"f":{"0":209}}
,"/home/lucao/Documentos/workspace-javascript/pedidopago-monorepo/microservices/products/src/domain/entities/validations/VolumeValidation.ts": {"path":"/home/lucao/Documentos/workspace-javascript/pedidopago-monorepo/microservices/products/src/domain/entities/validations/VolumeValidation.ts","all":false,"statementMap":{"0":{"start":{"line":1,"column":0},"end":{"line":1,"column":69}},"1":{"start":{"line":2,"column":0},"end":{"line":2,"column":0}},"2":{"start":{"line":3,"column":0},"end":{"line":3,"column":68}},"3":{"start":{"line":4,"column":0},"end":{"line":4,"column":45}},"4":{"start":{"line":5,"column":0},"end":{"line":5,"column":18}},"5":{"start":{"line":6,"column":0},"end":{"line":6,"column":48}},"6":{"start":{"line":7,"column":0},"end":{"line":7,"column":52}},"7":{"start":{"line":8,"column":0},"end":{"line":8,"column":0}},"8":{"start":{"line":9,"column":0},"end":{"line":9,"column":18}},"9":{"start":{"line":10,"column":0},"end":{"line":10,"column":5}},"10":{"start":{"line":11,"column":0},"end":{"line":11,"column":0}},"11":{"start":{"line":12,"column":0},"end":{"line":12,"column":43}},"12":{"start":{"line":13,"column":0},"end":{"line":13,"column":48}},"13":{"start":{"line":14,"column":0},"end":{"line":14,"column":69}},"14":{"start":{"line":15,"column":0},"end":{"line":15,"column":0}},"15":{"start":{"line":16,"column":0},"end":{"line":16,"column":18}},"16":{"start":{"line":17,"column":0},"end":{"line":17,"column":5}},"17":{"start":{"line":18,"column":0},"end":{"line":18,"column":0}},"18":{"start":{"line":19,"column":0},"end":{"line":19,"column":35}},"19":{"start":{"line":20,"column":0},"end":{"line":20,"column":48}},"20":{"start":{"line":21,"column":0},"end":{"line":21,"column":67}},"21":{"start":{"line":22,"column":0},"end":{"line":22,"column":0}},"22":{"start":{"line":23,"column":0},"end":{"line":23,"column":18}},"23":{"start":{"line":24,"column":0},"end":{"line":24,"column":5}},"24":{"start":{"line":25,"column":0},"end":{"line":25,"column":0}},"25":{"start":{"line":26,"column":0},"end":{"line":26,"column":35}},"26":{"start":{"line":27,"column":0},"end":{"line":27,"column":48}},"27":{"start":{"line":28,"column":0},"end":{"line":28,"column":73}},"28":{"start":{"line":29,"column":0},"end":{"line":29,"column":0}},"29":{"start":{"line":30,"column":0},"end":{"line":30,"column":18}},"30":{"start":{"line":31,"column":0},"end":{"line":31,"column":5}},"31":{"start":{"line":32,"column":0},"end":{"line":32,"column":0}},"32":{"start":{"line":33,"column":0},"end":{"line":33,"column":36}},"33":{"start":{"line":34,"column":0},"end":{"line":34,"column":48}},"34":{"start":{"line":35,"column":0},"end":{"line":35,"column":69}},"35":{"start":{"line":36,"column":0},"end":{"line":36,"column":0}},"36":{"start":{"line":37,"column":0},"end":{"line":37,"column":18}},"37":{"start":{"line":38,"column":0},"end":{"line":38,"column":5}},"38":{"start":{"line":39,"column":0},"end":{"line":39,"column":0}},"39":{"start":{"line":40,"column":0},"end":{"line":40,"column":15}},"40":{"start":{"line":41,"column":0},"end":{"line":41,"column":3}},"41":{"start":{"line":42,"column":0},"end":{"line":42,"column":1}}},"s":{"0":1,"1":1,"2":1,"3":1,"4":209,"5":1,"6":1,"7":1,"8":1,"9":1,"10":208,"11":208,"12":5,"13":5,"14":5,"15":5,"16":5,"17":203,"18":209,"19":1,"20":1,"21":1,"22":1,"23":1,"24":202,"25":209,"26":1,"27":1,"28":1,"29":1,"30":1,"31":201,"32":209,"33":1,"34":1,"35":1,"36":1,"37":1,"38":200,"39":200,"40":200,"41":1},"branchMap":{"0":{"type":"branch","line":4,"loc":{"start":{"line":4,"column":2},"end":{"line":41,"column":3}},"locations":[{"start":{"line":4,"column":2},"end":{"line":41,"column":3}}]},"1":{"type":"branch","line":5,"loc":{"start":{"line":5,"column":17},"end":{"line":10,"column":5}},"locations":[{"start":{"line":5,"column":17},"end":{"line":10,"column":5}}]},"2":{"type":"branch","line":11,"loc":{"start":{"line":11,"column":-1},"end":{"line":19,"column":34}},"locations":[{"start":{"line":11,"column":-1},"end":{"line":19,"column":34}}]},"3":{"type":"branch","line":12,"loc":{"start":{"line":12,"column":20},"end":{"line":17,"column":5}},"locations":[{"start":{"line":12,"column":20},"end":{"line":17,"column":5}}]},"4":{"type":"branch","line":18,"loc":{"start":{"line":18,"column":-1},"end":{"line":19,"column":34}},"locations":[{"start":{"line":18,"column":-1},"end":{"line":19,"column":34}}]},"5":{"type":"branch","line":19,"loc":{"start":{"line":19,"column":34},"end":{"line":24,"column":5}},"locations":[{"start":{"line":19,"column":34},"end":{"line":24,"column":5}}]},"6":{"type":"branch","line":25,"loc":{"start":{"line":25,"column":-1},"end":{"line":26,"column":34}},"locations":[{"start":{"line":25,"column":-1},"end":{"line":26,"column":34}}]},"7":{"type":"branch","line":26,"loc":{"start":{"line":26,"column":34},"end":{"line":31,"column":5}},"locations":[{"start":{"line":26,"column":34},"end":{"line":31,"column":5}}]},"8":{"type":"branch","line":32,"loc":{"start":{"line":32,"column":-1},"end":{"line":33,"column":35}},"locations":[{"start":{"line":32,"column":-1},"end":{"line":33,"column":35}}]},"9":{"type":"branch","line":33,"loc":{"start":{"line":33,"column":35},"end":{"line":41,"column":3}},"locations":[{"start":{"line":33,"column":35},"end":{"line":41,"column":3}}]},"10":{"type":"branch","line":33,"loc":{"start":{"line":33,"column":35},"end":{"line":38,"column":5}},"locations":[{"start":{"line":33,"column":35},"end":{"line":38,"column":5}}]},"11":{"type":"branch","line":39,"loc":{"start":{"line":39,"column":-1},"end":{"line":41,"column":3}},"locations":[{"start":{"line":39,"column":-1},"end":{"line":41,"column":3}}]}},"b":{"0":[209],"1":[1],"2":[208],"3":[5],"4":[203],"5":[1],"6":[202],"7":[1],"8":[201],"9":[204],"10":[1],"11":[200]},"fnMap":{"0":{"name":"validate","decl":{"start":{"line":4,"column":2},"end":{"line":41,"column":3}},"loc":{"start":{"line":4,"column":2},"end":{"line":41,"column":3}},"line":4}},"f":{"0":209}}
,"/home/lucao/Documentos/workspace-javascript/pedidopago-monorepo/microservices/products/src/domain/entities/validations/index.ts": {"path":"/home/lucao/Documentos/workspace-javascript/pedidopago-monorepo/microservices/products/src/domain/entities/validations/index.ts","all":false,"statementMap":{"0":{"start":{"line":1,"column":0},"end":{"line":1,"column":49}},"1":{"start":{"line":2,"column":0},"end":{"line":2,"column":63}},"2":{"start":{"line":3,"column":0},"end":{"line":3,"column":65}},"3":{"start":{"line":4,"column":0},"end":{"line":4,"column":53}},"4":{"start":{"line":5,"column":0},"end":{"line":5,"column":51}},"5":{"start":{"line":6,"column":0},"end":{"line":6,"column":59}},"6":{"start":{"line":7,"column":0},"end":{"line":7,"column":53}},"7":{"start":{"line":8,"column":0},"end":{"line":8,"column":0}},"8":{"start":{"line":9,"column":0},"end":{"line":9,"column":8}},"9":{"start":{"line":10,"column":0},"end":{"line":10,"column":17}},"10":{"start":{"line":11,"column":0},"end":{"line":11,"column":24}},"11":{"start":{"line":12,"column":0},"end":{"line":12,"column":25}},"12":{"start":{"line":13,"column":0},"end":{"line":13,"column":19}},"13":{"start":{"line":14,"column":0},"end":{"line":14,"column":18}},"14":{"start":{"line":15,"column":0},"end":{"line":15,"column":22}},"15":{"start":{"line":16,"column":0},"end":{"line":16,"column":18}},"16":{"start":{"line":17,"column":0},"end":{"line":17,"column":1}}},"s":{"0":1,"1":1,"2":1,"3":1,"4":1,"5":1,"6":1,"7":1,"8":1,"9":1,"10":1,"11":1,"12":1,"13":1,"14":1,"15":1,"16":1},"branchMap":{},"b":{},"fnMap":{},"f":{}}
,"/home/lucao/Documentos/workspace-javascript/pedidopago-monorepo/microservices/products/src/domain/repositories/inMemory/InMemoryProductRepository.ts": {"path":"/home/lucao/Documentos/workspace-javascript/pedidopago-monorepo/microservices/products/src/domain/repositories/inMemory/InMemoryProductRepository.ts","all":false,"statementMap":{"0":{"start":{"line":1,"column":0},"end":{"line":1,"column":48}},"1":{"start":{"line":2,"column":0},"end":{"line":2,"column":85}},"2":{"start":{"line":3,"column":0},"end":{"line":3,"column":0}},"3":{"start":{"line":4,"column":0},"end":{"line":4,"column":69}},"4":{"start":{"line":5,"column":0},"end":{"line":5,"column":30}},"5":{"start":{"line":6,"column":0},"end":{"line":6,"column":0}},"6":{"start":{"line":7,"column":0},"end":{"line":7,"column":61}},"7":{"start":{"line":8,"column":0},"end":{"line":8,"column":28}},"8":{"start":{"line":9,"column":0},"end":{"line":9,"column":0}},"9":{"start":{"line":10,"column":0},"end":{"line":10,"column":18}},"10":{"start":{"line":11,"column":0},"end":{"line":11,"column":3}},"11":{"start":{"line":12,"column":0},"end":{"line":12,"column":0}},"12":{"start":{"line":13,"column":0},"end":{"line":13,"column":63}},"13":{"start":{"line":14,"column":0},"end":{"line":14,"column":72}},"14":{"start":{"line":15,"column":0},"end":{"line":15,"column":0}},"15":{"start":{"line":16,"column":0},"end":{"line":16,"column":26}},"16":{"start":{"line":17,"column":0},"end":{"line":17,"column":3}},"17":{"start":{"line":18,"column":0},"end":{"line":18,"column":0}},"18":{"start":{"line":19,"column":0},"end":{"line":19,"column":59}},"19":{"start":{"line":20,"column":0},"end":{"line":20,"column":45}},"20":{"start":{"line":21,"column":0},"end":{"line":21,"column":3}},"21":{"start":{"line":22,"column":0},"end":{"line":22,"column":0}},"22":{"start":{"line":23,"column":0},"end":{"line":23,"column":32}},"23":{"start":{"line":24,"column":0},"end":{"line":24,"column":10}},"24":{"start":{"line":25,"column":0},"end":{"line":25,"column":13}},"25":{"start":{"line":26,"column":0},"end":{"line":26,"column":8}},"26":{"start":{"line":27,"column":0},"end":{"line":27,"column":55}},"27":{"start":{"line":28,"column":0},"end":{"line":28,"column":38}},"28":{"start":{"line":29,"column":0},"end":{"line":29,"column":0}},"29":{"start":{"line":30,"column":0},"end":{"line":30,"column":16}},"30":{"start":{"line":31,"column":0},"end":{"line":31,"column":56}},"31":{"start":{"line":32,"column":0},"end":{"line":32,"column":44}},"32":{"start":{"line":33,"column":0},"end":{"line":33,"column":0}},"33":{"start":{"line":34,"column":0},"end":{"line":34,"column":49}},"34":{"start":{"line":35,"column":0},"end":{"line":35,"column":44}},"35":{"start":{"line":36,"column":0},"end":{"line":36,"column":9}},"36":{"start":{"line":37,"column":0},"end":{"line":37,"column":74}},"37":{"start":{"line":38,"column":0},"end":{"line":38,"column":60}},"38":{"start":{"line":39,"column":0},"end":{"line":39,"column":43}},"39":{"start":{"line":40,"column":0},"end":{"line":40,"column":38}},"40":{"start":{"line":41,"column":0},"end":{"line":41,"column":9}},"41":{"start":{"line":42,"column":0},"end":{"line":42,"column":70}},"42":{"start":{"line":43,"column":0},"end":{"line":43,"column":70}},"43":{"start":{"line":44,"column":0},"end":{"line":44,"column":64}},"44":{"start":{"line":45,"column":0},"end":{"line":45,"column":0}},"45":{"start":{"line":46,"column":0},"end":{"line":46,"column":24}},"46":{"start":{"line":47,"column":0},"end":{"line":47,"column":24}},"47":{"start":{"line":48,"column":0},"end":{"line":48,"column":32}},"48":{"start":{"line":49,"column":0},"end":{"line":49,"column":31}},"49":{"start":{"line":50,"column":0},"end":{"line":50,"column":26}},"50":{"start":{"line":51,"column":0},"end":{"line":51,"column":25}},"51":{"start":{"line":52,"column":0},"end":{"line":52,"column":29}},"52":{"start":{"line":53,"column":0},"end":{"line":53,"column":25}},"53":{"start":{"line":54,"column":0},"end":{"line":54,"column":9}},"54":{"start":{"line":55,"column":0},"end":{"line":55,"column":0}},"55":{"start":{"line":56,"column":0},"end":{"line":56,"column":21}},"56":{"start":{"line":57,"column":0},"end":{"line":57,"column":8}},"57":{"start":{"line":58,"column":0},"end":{"line":58,"column":5}},"58":{"start":{"line":59,"column":0},"end":{"line":59,"column":0}},"59":{"start":{"line":60,"column":0},"end":{"line":60,"column":35}},"60":{"start":{"line":61,"column":0},"end":{"line":61,"column":44}},"61":{"start":{"line":62,"column":0},"end":{"line":62,"column":5}},"62":{"start":{"line":63,"column":0},"end":{"line":63,"column":3}},"63":{"start":{"line":64,"column":0},"end":{"line":64,"column":0}},"64":{"start":{"line":65,"column":0},"end":{"line":65,"column":78}},"65":{"start":{"line":66,"column":0},"end":{"line":66,"column":66}},"66":{"start":{"line":67,"column":0},"end":{"line":67,"column":0}},"67":{"start":{"line":68,"column":0},"end":{"line":68,"column":35}},"68":{"start":{"line":69,"column":0},"end":{"line":69,"column":44}},"69":{"start":{"line":70,"column":0},"end":{"line":70,"column":5}},"70":{"start":{"line":71,"column":0},"end":{"line":71,"column":3}},"71":{"start":{"line":72,"column":0},"end":{"line":72,"column":0}},"72":{"start":{"line":73,"column":0},"end":{"line":73,"column":60}},"73":{"start":{"line":74,"column":0},"end":{"line":74,"column":46}},"74":{"start":{"line":75,"column":0},"end":{"line":75,"column":50}},"75":{"start":{"line":76,"column":0},"end":{"line":76,"column":5}},"76":{"start":{"line":77,"column":0},"end":{"line":77,"column":0}},"77":{"start":{"line":78,"column":0},"end":{"line":78,"column":38}},"78":{"start":{"line":79,"column":0},"end":{"line":79,"column":0}},"79":{"start":{"line":80,"column":0},"end":{"line":80,"column":18}},"80":{"start":{"line":81,"column":0},"end":{"line":81,"column":3}},"81":{"start":{"line":82,"column":0},"end":{"line":82,"column":0}},"82":{"start":{"line":83,"column":0},"end":{"line":83,"column":57}},"83":{"start":{"line":84,"column":0},"end":{"line":84,"column":46}},"84":{"start":{"line":85,"column":0},"end":{"line":85,"column":50}},"85":{"start":{"line":86,"column":0},"end":{"line":86,"column":5}},"86":{"start":{"line":87,"column":0},"end":{"line":87,"column":0}},"87":{"start":{"line":88,"column":0},"end":{"line":88,"column":38}},"88":{"start":{"line":89,"column":0},"end":{"line":89,"column":3}},"89":{"start":{"line":90,"column":0},"end":{"line":90,"column":1}}},"s":{"0":1,"1":1,"2":1,"3":1,"4":1,"5":1,"6":1,"7":44,"8":44,"9":44,"10":44,"11":1,"12":1,"13":7,"14":7,"15":7,"16":7,"17":1,"18":1,"19":1,"20":1,"21":1,"22":1,"23":5,"24":5,"25":5,"26":5,"27":5,"28":5,"29":5,"30":2,"31":40,"32":40,"33":40,"34":40,"35":40,"36":40,"37":40,"38":40,"39":40,"40":40,"41":40,"42":40,"43":40,"44":40,"45":40,"46":40,"47":40,"48":40,"49":40,"50":40,"51":40,"52":40,"53":40,"54":40,"55":40,"56":40,"57":2,"58":5,"59":5,"60":5,"61":5,"62":5,"63":1,"64":1,"65":3,"66":3,"67":3,"68":3,"69":3,"70":3,"71":1,"72":1,"73":1,"74":1,"75":1,"76":1,"77":1,"78":1,"79":1,"80":1,"81":1,"82":1,"83":1,"84":1,"85":1,"86":1,"87":1,"88":1,"89":1},"branchMap":{"0":{"type":"branch","line":7,"loc":{"start":{"line":7,"column":2},"end":{"line":11,"column":3}},"locations":[{"start":{"line":7,"column":2},"end":{"line":11,"column":3}}]},"1":{"type":"branch","line":13,"loc":{"start":{"line":13,"column":2},"end":{"line":17,"column":3}},"locations":[{"start":{"line":13,"column":2},"end":{"line":17,"column":3}}]},"2":{"type":"branch","line":14,"loc":{"start":{"line":14,"column":36},"end":{"line":14,"column":71}},"locations":[{"start":{"line":14,"column":36},"end":{"line":14,"column":71}}]},"3":{"type":"branch","line":19,"loc":{"start":{"line":19,"column":2},"end":{"line":21,"column":3}},"locations":[{"start":{"line":19,"column":2},"end":{"line":21,"column":3}}]},"4":{"type":"branch","line":23,"loc":{"start":{"line":23,"column":2},"end":{"line":63,"column":3}},"locations":[{"start":{"line":23,"column":2},"end":{"line":63,"column":3}}]},"5":{"type":"branch","line":30,"loc":{"start":{"line":30,"column":15},"end":{"line":58,"column":5}},"locations":[{"start":{"line":30,"column":15},"end":{"line":58,"column":5}}]},"6":{"type":"branch","line":31,"loc":{"start":{"line":31,"column":44},"end":{"line":57,"column":8}},"locations":[{"start":{"line":31,"column":44},"end":{"line":57,"column":8}}]},"7":{"type":"branch","line":65,"loc":{"start":{"line":65,"column":2},"end":{"line":71,"column":3}},"locations":[{"start":{"line":65,"column":2},"end":{"line":71,"column":3}}]},"8":{"type":"branch","line":66,"loc":{"start":{"line":66,"column":45},"end":{"line":66,"column":65}},"locations":[{"start":{"line":66,"column":45},"end":{"line":66,"column":65}}]},"9":{"type":"branch","line":73,"loc":{"start":{"line":73,"column":2},"end":{"line":81,"column":3}},"locations":[{"start":{"line":73,"column":2},"end":{"line":81,"column":3}}]},"10":{"type":"branch","line":75,"loc":{"start":{"line":75,"column":6},"end":{"line":75,"column":50}},"locations":[{"start":{"line":75,"column":6},"end":{"line":75,"column":50}}]},"11":{"type":"branch","line":83,"loc":{"start":{"line":83,"column":2},"end":{"line":89,"column":3}},"locations":[{"start":{"line":83,"column":2},"end":{"line":89,"column":3}}]},"12":{"type":"branch","line":85,"loc":{"start":{"line":85,"column":6},"end":{"line":85,"column":50}},"locations":[{"start":{"line":85,"column":6},"end":{"line":85,"column":50}}]}},"b":{"0":[44],"1":[7],"2":[8],"3":[1],"4":[5],"5":[2],"6":[40],"7":[3],"8":[60],"9":[1],"10":[1],"11":[1],"12":[1]},"fnMap":{"0":{"name":"createProducts","decl":{"start":{"line":7,"column":2},"end":{"line":11,"column":3}},"loc":{"start":{"line":7,"column":2},"end":{"line":11,"column":3}},"line":7},"1":{"name":"findProductById","decl":{"start":{"line":13,"column":2},"end":{"line":17,"column":3}},"loc":{"start":{"line":13,"column":2},"end":{"line":17,"column":3}},"line":13},"2":{"name":"cloneProduct","decl":{"start":{"line":19,"column":2},"end":{"line":21,"column":3}},"loc":{"start":{"line":19,"column":2},"end":{"line":21,"column":3}},"line":19},"3":{"name":"getProductInformation","decl":{"start":{"line":23,"column":2},"end":{"line":63,"column":3}},"loc":{"start":{"line":23,"column":2},"end":{"line":63,"column":3}},"line":23},"4":{"name":"listAllProducts","decl":{"start":{"line":65,"column":2},"end":{"line":71,"column":3}},"loc":{"start":{"line":65,"column":2},"end":{"line":71,"column":3}},"line":65},"5":{"name":"updateProduct","decl":{"start":{"line":73,"column":2},"end":{"line":81,"column":3}},"loc":{"start":{"line":73,"column":2},"end":{"line":81,"column":3}},"line":73},"6":{"name":"deleteProduct","decl":{"start":{"line":83,"column":2},"end":{"line":89,"column":3}},"loc":{"start":{"line":83,"column":2},"end":{"line":89,"column":3}},"line":83}},"f":{"0":44,"1":7,"2":1,"3":5,"4":3,"5":1,"6":1}}
,"/home/lucao/Documentos/workspace-javascript/pedidopago-monorepo/microservices/products/src/domain/useCases/CloneProductUseCase.ts": {"path":"/home/lucao/Documentos/workspace-javascript/pedidopago-monorepo/microservices/products/src/domain/useCases/CloneProductUseCase.ts","all":false,"statementMap":{"0":{"start":{"line":1,"column":0},"end":{"line":1,"column":68}},"1":{"start":{"line":2,"column":0},"end":{"line":2,"column":45}},"2":{"start":{"line":3,"column":0},"end":{"line":3,"column":69}},"3":{"start":{"line":4,"column":0},"end":{"line":4,"column":78}},"4":{"start":{"line":5,"column":0},"end":{"line":5,"column":0}},"5":{"start":{"line":6,"column":0},"end":{"line":6,"column":48}},"6":{"start":{"line":7,"column":0},"end":{"line":7,"column":0}},"7":{"start":{"line":8,"column":0},"end":{"line":8,"column":70}},"8":{"start":{"line":9,"column":0},"end":{"line":9,"column":0}},"9":{"start":{"line":10,"column":0},"end":{"line":10,"column":34}},"10":{"start":{"line":11,"column":0},"end":{"line":11,"column":63}},"11":{"start":{"line":12,"column":0},"end":{"line":12,"column":0}},"12":{"start":{"line":13,"column":0},"end":{"line":13,"column":18}},"13":{"start":{"line":14,"column":0},"end":{"line":14,"column":13}},"14":{"start":{"line":15,"column":0},"end":{"line":15,"column":58}},"15":{"start":{"line":16,"column":0},"end":{"line":16,"column":73}},"16":{"start":{"line":17,"column":0},"end":{"line":17,"column":15}},"17":{"start":{"line":18,"column":0},"end":{"line":18,"column":5}},"18":{"start":{"line":19,"column":0},"end":{"line":19,"column":0}},"19":{"start":{"line":20,"column":0},"end":{"line":20,"column":44}},"20":{"start":{"line":21,"column":0},"end":{"line":21,"column":50}},"21":{"start":{"line":22,"column":0},"end":{"line":22,"column":5}},"22":{"start":{"line":23,"column":0},"end":{"line":23,"column":0}},"23":{"start":{"line":24,"column":0},"end":{"line":24,"column":57}},"24":{"start":{"line":25,"column":0},"end":{"line":25,"column":0}},"25":{"start":{"line":26,"column":0},"end":{"line":26,"column":68}},"26":{"start":{"line":27,"column":0},"end":{"line":27,"column":27}},"27":{"start":{"line":28,"column":0},"end":{"line":28,"column":5}},"28":{"start":{"line":29,"column":0},"end":{"line":29,"column":0}},"29":{"start":{"line":30,"column":0},"end":{"line":30,"column":31}},"30":{"start":{"line":31,"column":0},"end":{"line":31,"column":3}},"31":{"start":{"line":32,"column":0},"end":{"line":32,"column":1}}},"s":{"0":1,"1":1,"2":1,"3":1,"4":1,"5":1,"6":1,"7":1,"8":1,"9":1,"10":1,"11":1,"12":1,"13":4,"14":4,"15":4,"16":4,"17":4,"18":4,"19":4,"20":2,"21":2,"22":2,"23":2,"24":2,"25":2,"26":2,"27":2,"28":2,"29":2,"30":2,"31":1},"branchMap":{"0":{"type":"branch","line":13,"loc":{"start":{"line":13,"column":2},"end":{"line":31,"column":3}},"locations":[{"start":{"line":13,"column":2},"end":{"line":31,"column":3}}]},"1":{"type":"branch","line":20,"loc":{"start":{"line":20,"column":37},"end":{"line":20,"column":41}},"locations":[{"start":{"line":20,"column":37},"end":{"line":20,"column":41}}]},"2":{"type":"branch","line":20,"loc":{"start":{"line":20,"column":43},"end":{"line":31,"column":3}},"locations":[{"start":{"line":20,"column":43},"end":{"line":31,"column":3}}]},"3":{"type":"branch","line":11,"loc":{"start":{"line":11,"column":2},"end":{"line":11,"column":63}},"locations":[{"start":{"line":11,"column":2},"end":{"line":11,"column":63}}]}},"b":{"0":[4],"1":[3],"2":[2],"3":[3]},"fnMap":{"0":{"name":"execute","decl":{"start":{"line":13,"column":2},"end":{"line":31,"column":3}},"loc":{"start":{"line":13,"column":2},"end":{"line":31,"column":3}},"line":13},"1":{"name":"CloneProductUseCase","decl":{"start":{"line":11,"column":2},"end":{"line":11,"column":63}},"loc":{"start":{"line":11,"column":2},"end":{"line":11,"column":63}},"line":11}},"f":{"0":4,"1":3}}
,"/home/lucao/Documentos/workspace-javascript/pedidopago-monorepo/microservices/products/src/domain/useCases/CreateProductUseCase.ts": {"path":"/home/lucao/Documentos/workspace-javascript/pedidopago-monorepo/microservices/products/src/domain/useCases/CreateProductUseCase.ts","all":false,"statementMap":{"0":{"start":{"line":1,"column":0},"end":{"line":1,"column":68}},"1":{"start":{"line":2,"column":0},"end":{"line":2,"column":60}},"2":{"start":{"line":3,"column":0},"end":{"line":3,"column":8}},"3":{"start":{"line":4,"column":0},"end":{"line":4,"column":17}},"4":{"start":{"line":5,"column":0},"end":{"line":5,"column":24}},"5":{"start":{"line":6,"column":0},"end":{"line":6,"column":25}},"6":{"start":{"line":7,"column":0},"end":{"line":7,"column":19}},"7":{"start":{"line":8,"column":0},"end":{"line":8,"column":18}},"8":{"start":{"line":9,"column":0},"end":{"line":9,"column":22}},"9":{"start":{"line":10,"column":0},"end":{"line":10,"column":18}},"10":{"start":{"line":11,"column":0},"end":{"line":11,"column":32}},"11":{"start":{"line":12,"column":0},"end":{"line":12,"column":45}},"12":{"start":{"line":13,"column":0},"end":{"line":13,"column":69}},"13":{"start":{"line":14,"column":0},"end":{"line":14,"column":0}},"14":{"start":{"line":15,"column":0},"end":{"line":15,"column":51}},"15":{"start":{"line":16,"column":0},"end":{"line":16,"column":0}},"16":{"start":{"line":17,"column":0},"end":{"line":17,"column":36}},"17":{"start":{"line":18,"column":0},"end":{"line":18,"column":18}},"18":{"start":{"line":19,"column":0},"end":{"line":19,"column":25}},"19":{"start":{"line":20,"column":0},"end":{"line":20,"column":26}},"20":{"start":{"line":21,"column":0},"end":{"line":21,"column":20}},"21":{"start":{"line":22,"column":0},"end":{"line":22,"column":19}},"22":{"start":{"line":23,"column":0},"end":{"line":23,"column":23}},"23":{"start":{"line":24,"column":0},"end":{"line":24,"column":19}},"24":{"start":{"line":25,"column":0},"end":{"line":25,"column":9}},"25":{"start":{"line":26,"column":0},"end":{"line":26,"column":1}},"26":{"start":{"line":27,"column":0},"end":{"line":27,"column":0}},"27":{"start":{"line":28,"column":0},"end":{"line":28,"column":35}},"28":{"start":{"line":29,"column":0},"end":{"line":29,"column":63}},"29":{"start":{"line":30,"column":0},"end":{"line":30,"column":0}},"30":{"start":{"line":31,"column":0},"end":{"line":31,"column":78}},"31":{"start":{"line":32,"column":0},"end":{"line":32,"column":47}},"32":{"start":{"line":33,"column":0},"end":{"line":33,"column":0}},"33":{"start":{"line":34,"column":0},"end":{"line":34,"column":34}},"34":{"start":{"line":35,"column":0},"end":{"line":35,"column":39}},"35":{"start":{"line":36,"column":0},"end":{"line":36,"column":5}},"36":{"start":{"line":37,"column":0},"end":{"line":37,"column":0}},"37":{"start":{"line":38,"column":0},"end":{"line":38,"column":40}},"38":{"start":{"line":39,"column":0},"end":{"line":39,"column":0}},"39":{"start":{"line":40,"column":0},"end":{"line":40,"column":56}},"40":{"start":{"line":41,"column":0},"end":{"line":41,"column":0}},"41":{"start":{"line":42,"column":0},"end":{"line":42,"column":25}},"42":{"start":{"line":43,"column":0},"end":{"line":43,"column":3}},"43":{"start":{"line":44,"column":0},"end":{"line":44,"column":1}}},"s":{"0":1,"1":1,"2":1,"3":1,"4":1,"5":1,"6":1,"7":1,"8":1,"9":1,"10":1,"11":1,"12":1,"13":1,"14":1,"15":1,"16":1,"17":1,"18":1,"19":1,"20":1,"21":1,"22":1,"23":1,"24":1,"25":1,"26":1,"27":1,"28":1,"29":1,"30":1,"31":73,"32":73,"33":73,"34":24,"35":24,"36":49,"37":49,"38":49,"39":49,"40":49,"41":49,"42":49,"43":1},"branchMap":{"0":{"type":"branch","line":31,"loc":{"start":{"line":31,"column":2},"end":{"line":43,"column":3}},"locations":[{"start":{"line":31,"column":2},"end":{"line":43,"column":3}}]},"1":{"type":"branch","line":34,"loc":{"start":{"line":34,"column":33},"end":{"line":43,"column":3}},"locations":[{"start":{"line":34,"column":33},"end":{"line":43,"column":3}}]},"2":{"type":"branch","line":34,"loc":{"start":{"line":34,"column":33},"end":{"line":36,"column":5}},"locations":[{"start":{"line":34,"column":33},"end":{"line":36,"column":5}}]},"3":{"type":"branch","line":37,"loc":{"start":{"line":37,"column":-1},"end":{"line":43,"column":3}},"locations":[{"start":{"line":37,"column":-1},"end":{"line":43,"column":3}}]},"4":{"type":"branch","line":29,"loc":{"start":{"line":29,"column":2},"end":{"line":29,"column":63}},"locations":[{"start":{"line":29,"column":2},"end":{"line":29,"column":63}}]}},"b":{"0":[73],"1":[70],"2":[24],"3":[49],"4":[50]},"fnMap":{"0":{"name":"execute","decl":{"start":{"line":31,"column":2},"end":{"line":43,"column":3}},"loc":{"start":{"line":31,"column":2},"end":{"line":43,"column":3}},"line":31},"1":{"name":"CreateProductUseCase","decl":{"start":{"line":29,"column":2},"end":{"line":29,"column":63}},"loc":{"start":{"line":29,"column":2},"end":{"line":29,"column":63}},"line":29}},"f":{"0":73,"1":50}}
,"/home/lucao/Documentos/workspace-javascript/pedidopago-monorepo/microservices/products/src/domain/useCases/DeleteProductUseCase.ts": {"path":"/home/lucao/Documentos/workspace-javascript/pedidopago-monorepo/microservices/products/src/domain/useCases/DeleteProductUseCase.ts","all":false,"statementMap":{"0":{"start":{"line":1,"column":0},"end":{"line":1,"column":68}},"1":{"start":{"line":2,"column":0},"end":{"line":2,"column":69}},"2":{"start":{"line":3,"column":0},"end":{"line":3,"column":78}},"3":{"start":{"line":4,"column":0},"end":{"line":4,"column":0}},"4":{"start":{"line":5,"column":0},"end":{"line":5,"column":49}},"5":{"start":{"line":6,"column":0},"end":{"line":6,"column":0}},"6":{"start":{"line":7,"column":0},"end":{"line":7,"column":68}},"7":{"start":{"line":8,"column":0},"end":{"line":8,"column":0}},"8":{"start":{"line":9,"column":0},"end":{"line":9,"column":35}},"9":{"start":{"line":10,"column":0},"end":{"line":10,"column":63}},"10":{"start":{"line":11,"column":0},"end":{"line":11,"column":0}},"11":{"start":{"line":12,"column":0},"end":{"line":12,"column":18}},"12":{"start":{"line":13,"column":0},"end":{"line":13,"column":13}},"13":{"start":{"line":14,"column":0},"end":{"line":14,"column":60}},"14":{"start":{"line":15,"column":0},"end":{"line":15,"column":65}},"15":{"start":{"line":16,"column":0},"end":{"line":16,"column":15}},"16":{"start":{"line":17,"column":0},"end":{"line":17,"column":5}},"17":{"start":{"line":18,"column":0},"end":{"line":18,"column":0}},"18":{"start":{"line":19,"column":0},"end":{"line":19,"column":36}},"19":{"start":{"line":20,"column":0},"end":{"line":20,"column":50}},"20":{"start":{"line":21,"column":0},"end":{"line":21,"column":5}},"21":{"start":{"line":22,"column":0},"end":{"line":22,"column":0}},"22":{"start":{"line":23,"column":0},"end":{"line":23,"column":55}},"23":{"start":{"line":24,"column":0},"end":{"line":24,"column":0}},"24":{"start":{"line":25,"column":0},"end":{"line":25,"column":22}},"25":{"start":{"line":26,"column":0},"end":{"line":26,"column":3}},"26":{"start":{"line":27,"column":0},"end":{"line":27,"column":1}}},"s":{"0":1,"1":1,"2":1,"3":1,"4":1,"5":1,"6":1,"7":1,"8":1,"9":1,"10":1,"11":1,"12":4,"13":4,"14":4,"15":4,"16":4,"17":4,"18":4,"19":2,"20":2,"21":2,"22":2,"23":2,"24":2,"25":2,"26":1},"branchMap":{"0":{"type":"branch","line":12,"loc":{"start":{"line":12,"column":2},"end":{"line":26,"column":3}},"locations":[{"start":{"line":12,"column":2},"end":{"line":26,"column":3}}]},"1":{"type":"branch","line":19,"loc":{"start":{"line":19,"column":29},"end":{"line":19,"column":33}},"locations":[{"start":{"line":19,"column":29},"end":{"line":19,"column":33}}]},"2":{"type":"branch","line":19,"loc":{"start":{"line":19,"column":35},"end":{"line":26,"column":3}},"locations":[{"start":{"line":19,"column":35},"end":{"line":26,"column":3}}]},"3":{"type":"branch","line":10,"loc":{"start":{"line":10,"column":2},"end":{"line":10,"column":63}},"locations":[{"start":{"line":10,"column":2},"end":{"line":10,"column":63}}]}},"b":{"0":[4],"1":[3],"2":[2],"3":[3]},"fnMap":{"0":{"name":"execute","decl":{"start":{"line":12,"column":2},"end":{"line":26,"column":3}},"loc":{"start":{"line":12,"column":2},"end":{"line":26,"column":3}},"line":12},"1":{"name":"DeleteProductUseCase","decl":{"start":{"line":10,"column":2},"end":{"line":10,"column":63}},"loc":{"start":{"line":10,"column":2},"end":{"line":10,"column":63}},"line":10}},"f":{"0":4,"1":3}}
,"/home/lucao/Documentos/workspace-javascript/pedidopago-monorepo/microservices/products/src/domain/useCases/GetProductInformation.ts": {"path":"/home/lucao/Documentos/workspace-javascript/pedidopago-monorepo/microservices/products/src/domain/useCases/GetProductInformation.ts","all":false,"statementMap":{"0":{"start":{"line":1,"column":0},"end":{"line":1,"column":45}},"1":{"start":{"line":2,"column":0},"end":{"line":2,"column":69}},"2":{"start":{"line":3,"column":0},"end":{"line":3,"column":0}},"3":{"start":{"line":4,"column":0},"end":{"line":4,"column":37}},"4":{"start":{"line":5,"column":0},"end":{"line":5,"column":13}},"5":{"start":{"line":6,"column":0},"end":{"line":6,"column":19}},"6":{"start":{"line":7,"column":0},"end":{"line":7,"column":15}},"7":{"start":{"line":8,"column":0},"end":{"line":8,"column":1}},"8":{"start":{"line":9,"column":0},"end":{"line":9,"column":0}},"9":{"start":{"line":10,"column":0},"end":{"line":10,"column":46}},"10":{"start":{"line":11,"column":0},"end":{"line":11,"column":0}},"11":{"start":{"line":12,"column":0},"end":{"line":12,"column":43}},"12":{"start":{"line":13,"column":0},"end":{"line":13,"column":63}},"13":{"start":{"line":14,"column":0},"end":{"line":14,"column":0}},"14":{"start":{"line":15,"column":0},"end":{"line":15,"column":18}},"15":{"start":{"line":16,"column":0},"end":{"line":16,"column":10}},"16":{"start":{"line":17,"column":0},"end":{"line":17,"column":17}},"17":{"start":{"line":18,"column":0},"end":{"line":18,"column":12}},"18":{"start":{"line":19,"column":0},"end":{"line":19,"column":76}},"19":{"start":{"line":20,"column":0},"end":{"line":20,"column":82}},"20":{"start":{"line":21,"column":0},"end":{"line":21,"column":12}},"21":{"start":{"line":22,"column":0},"end":{"line":22,"column":15}},"22":{"start":{"line":23,"column":0},"end":{"line":23,"column":10}},"23":{"start":{"line":24,"column":0},"end":{"line":24,"column":6}},"24":{"start":{"line":25,"column":0},"end":{"line":25,"column":0}},"25":{"start":{"line":26,"column":0},"end":{"line":26,"column":28}},"26":{"start":{"line":27,"column":0},"end":{"line":27,"column":3}},"27":{"start":{"line":28,"column":0},"end":{"line":28,"column":1}}},"s":{"0":1,"1":1,"2":1,"3":1,"4":1,"5":1,"6":1,"7":1,"8":1,"9":1,"10":1,"11":1,"12":1,"13":1,"14":1,"15":10,"16":10,"17":10,"18":10,"19":10,"20":10,"21":10,"22":10,"23":10,"24":10,"25":10,"26":10,"27":1},"branchMap":{"0":{"type":"branch","line":15,"loc":{"start":{"line":15,"column":2},"end":{"line":27,"column":3}},"locations":[{"start":{"line":15,"column":2},"end":{"line":27,"column":3}}]},"1":{"type":"branch","line":13,"loc":{"start":{"line":13,"column":2},"end":{"line":13,"column":63}},"locations":[{"start":{"line":13,"column":2},"end":{"line":13,"column":63}}]}},"b":{"0":[10],"1":[6]},"fnMap":{"0":{"name":"execute","decl":{"start":{"line":15,"column":2},"end":{"line":27,"column":3}},"loc":{"start":{"line":15,"column":2},"end":{"line":27,"column":3}},"line":15},"1":{"name":"GetProductInformationUseCase","decl":{"start":{"line":13,"column":2},"end":{"line":13,"column":63}},"loc":{"start":{"line":13,"column":2},"end":{"line":13,"column":63}},"line":13}},"f":{"0":10,"1":6}}
,"/home/lucao/Documentos/workspace-javascript/pedidopago-monorepo/microservices/products/src/domain/useCases/ListAllProductsUseCase.ts": {"path":"/home/lucao/Documentos/workspace-javascript/pedidopago-monorepo/microservices/products/src/domain/useCases/ListAllProductsUseCase.ts","all":false,"statementMap":{"0":{"start":{"line":1,"column":0},"end":{"line":1,"column":45}},"1":{"start":{"line":2,"column":0},"end":{"line":2,"column":69}},"2":{"start":{"line":3,"column":0},"end":{"line":3,"column":0}},"3":{"start":{"line":4,"column":0},"end":{"line":4,"column":65}},"4":{"start":{"line":5,"column":0},"end":{"line":5,"column":0}},"5":{"start":{"line":6,"column":0},"end":{"line":6,"column":40}},"6":{"start":{"line":7,"column":0},"end":{"line":7,"column":0}},"7":{"start":{"line":8,"column":0},"end":{"line":8,"column":37}},"8":{"start":{"line":9,"column":0},"end":{"line":9,"column":63}},"9":{"start":{"line":10,"column":0},"end":{"line":10,"column":0}},"10":{"start":{"line":11,"column":0},"end":{"line":11,"column":18}},"11":{"start":{"line":12,"column":0},"end":{"line":12,"column":13}},"12":{"start":{"line":13,"column":0},"end":{"line":13,"column":16}},"13":{"start":{"line":14,"column":0},"end":{"line":14,"column":64}},"14":{"start":{"line":15,"column":0},"end":{"line":15,"column":66}},"15":{"start":{"line":16,"column":0},"end":{"line":16,"column":11}},"16":{"start":{"line":17,"column":0},"end":{"line":17,"column":14}},"17":{"start":{"line":18,"column":0},"end":{"line":18,"column":5}},"18":{"start":{"line":19,"column":0},"end":{"line":19,"column":0}},"19":{"start":{"line":20,"column":0},"end":{"line":20,"column":19}},"20":{"start":{"line":21,"column":0},"end":{"line":21,"column":3}},"21":{"start":{"line":22,"column":0},"end":{"line":22,"column":1}}},"s":{"0":1,"1":1,"2":1,"3":1,"4":1,"5":1,"6":1,"7":1,"8":1,"9":1,"10":1,"11":6,"12":6,"13":6,"14":6,"15":6,"16":6,"17":6,"18":6,"19":6,"20":6,"21":1},"branchMap":{"0":{"type":"branch","line":11,"loc":{"start":{"line":11,"column":2},"end":{"line":21,"column":3}},"locations":[{"start":{"line":11,"column":2},"end":{"line":21,"column":3}}]},"1":{"type":"branch","line":9,"loc":{"start":{"line":9,"column":2},"end":{"line":9,"column":63}},"locations":[{"start":{"line":9,"column":2},"end":{"line":9,"column":63}}]}},"b":{"0":[6],"1":[4]},"fnMap":{"0":{"name":"execute","decl":{"start":{"line":11,"column":2},"end":{"line":21,"column":3}},"loc":{"start":{"line":11,"column":2},"end":{"line":21,"column":3}},"line":11},"1":{"name":"
[...]
,"/home/lucao/Documentos/workspace-javascript/pedidopago-monorepo/microservices/products/src/infra/handlers/ListAllProductsHandler.ts": {"path":"/home/lucao/Documentos/workspace-javascript/pedidopago-monorepo/microservices/products/src/infra/handlers/ListAllProductsHandler.ts","all":false,"statementMap":{"0":{"start":{"line":1,"column":0},"end":{"line":1,"column":8}},"1":{"start":{"line":2,"column":0},"end":{"line":2,"column":25}},"2":{"start":{"line":3,"column":0},"end":{"line":3,"column":55}},"3":{"start":{"line":4,"column":0},"end":{"line":4,"column":8}},"4":{"start":{"line":5,"column":0},"end":{"line":5,"column":24}},"5":{"start":{"line":6,"column":0},"end":{"line":6,"column":53}},"6":{"start":{"line":7,"column":0},"end":{"line":7,"column":0}},"7":{"start":{"line":8,"column":0},"end":{"line":8,"column":65}},"8":{"start":{"line":9,"column":0},"end":{"line":9,"column":0}},"9":{"start":{"line":10,"column":0},"end":{"line":10,"column":37}},"10":{"start":{"line":11,"column":0},"end":{"line":11,"column":61}},"11":{"start":{"line":12,"column":0},"end":{"line":12,"column":65}},"12":{"start":{"line":13,"column":0},"end":{"line":13,"column":0}},"13":{"start":{"line":14,"column":0},"end":{"line":14,"column":62}},"14":{"start":{"line":15,"column":0},"end":{"line":15,"column":29}},"15":{"start":{"line":16,"column":0},"end":{"line":16,"column":5}},"16":{"start":{"line":17,"column":0},"end":{"line":17,"column":0}},"17":{"start":{"line":18,"column":0},"end":{"line":18,"column":53}},"18":{"start":{"line":19,"column":0},"end":{"line":19,"column":11}},"19":{"start":{"line":20,"column":0},"end":{"line":20,"column":14}},"20":{"start":{"line":21,"column":0},"end":{"line":21,"column":6}},"21":{"start":{"line":22,"column":0},"end":{"line":22,"column":0}},"22":{"start":{"line":23,"column":0},"end":{"line":23,"column":19}},"23":{"start":{"line":24,"column":0},"end":{"line":24,"column":3}},"24":{"start":{"line":25,"column":0},"end":{"line":25,"column":1}}},"s":{"0":1,"1":1,"2":1,"3":1,"4":1,"5":1,"6":1,"7":1,"8":1,"9":1,"10":1,"11":3,"12":3,"13":3,"14":3,"15":3,"16":3,"17":3,"18":3,"19":3,"20":3,"21":3,"22":3,"23":3,"24":1},"branchMap":{"0":{"type":"branch","line":11,"loc":{"start":{"line":11,"column":2},"end":{"line":24,"column":3}},"locations":[{"start":{"line":11,"column":2},"end":{"line":24,"column":3}}]}},"b":{"0":[3]},"fnMap":{"0":{"name":"handle","decl":{"start":{"line":11,"column":2},"end":{"line":24,"column":3}},"loc":{"start":{"line":11,"column":2},"end":{"line":24,"column":3}},"line":11}},"f":{"0":3}}
,"/home/lucao/Documentos/workspace-javascript/pedidopago-monorepo/microservices/products/src/infra/handlers/UpdateProductHandler.ts": {"path":"/home/lucao/Documentos/workspace-javascript/pedidopago-monorepo/microservices/products/src/infra/handlers/UpdateProductHandler.ts","all":false,"statementMap":{"0":{"start":{"line":1,"column":0},"end":{"line":1,"column":88}},"1":{"start":{"line":2,"column":0},"end":{"line":2,"column":70}},"2":{"start":{"line":3,"column":0},"end":{"line":3,"column":81}},"3":{"start":{"line":4,"column":0},"end":{"line":4,"column":0}},"4":{"start":{"line":5,"column":0},"end":{"line":5,"column":80}},"5":{"start":{"line":6,"column":0},"end":{"line":6,"column":0}},"6":{"start":{"line":7,"column":0},"end":{"line":7,"column":35}},"7":{"start":{"line":8,"column":0},"end":{"line":8,"column":60}},"8":{"start":{"line":9,"column":0},"end":{"line":9,"column":65}},"9":{"start":{"line":10,"column":0},"end":{"line":10,"column":0}},"10":{"start":{"line":11,"column":0},"end":{"line":11,"column":58}},"11":{"start":{"line":12,"column":0},"end":{"line":12,"column":29}},"12":{"start":{"line":13,"column":0},"end":{"line":13,"column":5}},"13":{"start":{"line":14,"column":0},"end":{"line":14,"column":0}},"14":{"start":{"line":15,"column":0},"end":{"line":15,"column":70}},"15":{"start":{"line":16,"column":0},"end":{"line":16,"column":0}},"16":{"start":{"line":17,"column":0},"end":{"line":17,"column":19}},"17":{"start":{"line":18,"column":0},"end":{"line":18,"column":3}},"18":{"start":{"line":19,"column":0},"end":{"line":19,"column":1}}},"s":{"0":1,"1":1,"2":1,"3":1,"4":1,"5":1,"6":1,"7":1,"8":3,"9":3,"10":3,"11":3,"12":3,"13":3,"14":3,"15":3,"16":3,"17":3,"18":1},"branchMap":{"0":{"type":"branch","line":8,"loc":{"start":{"line":8,"column":2},"end":{"line":18,"column":3}},"locations":[{"start":{"line":8,"column":2},"end":{"line":18,"column":3}}]}},"b":{"0":[3]},"fnMap":{"0":{"name":"handle","decl":{"start":{"line":8,"column":2},"end":{"line":18,"column":3}},"loc":{"start":{"line":8,"column":2},"end":{"line":18,"column":3}},"line":8}},"f":{"0":3}}
,"/home/lucao/Documentos/workspace-javascript/pedidopago-monorepo/microservices/products/src/infra/mappers/ProductMapper.ts": {"path":"/home/lucao/Documentos/workspace-javascript/pedidopago-monorepo/microservices/products/src/infra/mappers/ProductMapper.ts","all":false,"statementMap":{"0":{"start":{"line":1,"column":0},"end":{"line":1,"column":41}},"1":{"start":{"line":2,"column":0},"end":{"line":2,"column":55}},"2":{"start":{"line":3,"column":0},"end":{"line":3,"column":0}},"3":{"start":{"line":4,"column":0},"end":{"line":4,"column":28}},"4":{"start":{"line":5,"column":0},"end":{"line":5,"column":44}},"5":{"start":{"line":6,"column":0},"end":{"line":6,"column":43}},"6":{"start":{"line":7,"column":0},"end":{"line":7,"column":37}},"7":{"start":{"line":8,"column":0},"end":{"line":8,"column":35}},"8":{"start":{"line":9,"column":0},"end":{"line":9,"column":21}},"9":{"start":{"line":10,"column":0},"end":{"line":10,"column":31}},"10":{"start":{"line":11,"column":0},"end":{"line":11,"column":31}},"11":{"start":{"line":12,"column":0},"end":{"line":12,"column":25}},"12":{"start":{"line":13,"column":0},"end":{"line":13,"column":24}},"13":{"start":{"line":14,"column":0},"end":{"line":14,"column":20}},"14":{"start":{"line":15,"column":0},"end":{"line":15,"column":0}},"15":{"start":{"line":16,"column":0},"end":{"line":16,"column":33}},"16":{"start":{"line":17,"column":0},"end":{"line":17,"column":3}},"17":{"start":{"line":18,"column":0},"end":{"line":18,"column":0}},"18":{"start":{"line":19,"column":0},"end":{"line":19,"column":43}},"19":{"start":{"line":20,"column":0},"end":{"line":20,"column":12}},"20":{"start":{"line":21,"column":0},"end":{"line":21,"column":21}},"21":{"start":{"line":22,"column":0},"end":{"line":22,"column":47}},"22":{"start":{"line":23,"column":0},"end":{"line":23,"column":45}},"23":{"start":{"line":24,"column":0},"end":{"line":24,"column":31}},"24":{"start":{"line":25,"column":0},"end":{"line":25,"column":33}},"25":{"start":{"line":26,"column":0},"end":{"line":26,"column":41}},"26":{"start":{"line":27,"column":0},"end":{"line":27,"column":35}},"27":{"start":{"line":28,"column":0},"end":{"line":28,"column":34}},"28":{"start":{"line":29,"column":0},"end":{"line":29,"column":5}},"29":{"start":{"line":30,"column":0},"end":{"line":30,"column":3}},"30":{"start":{"line":31,"column":0},"end":{"line":31,"column":1}}},"s":{"0":1,"1":1,"2":1,"3":1,"4":1,"5":87,"6":87,"7":87,"8":87,"9":87,"10":87,"11":87,"12":87,"13":87,"14":87,"15":87,"16":87,"17":1,"18":1,"19":43,"20":43,"21":43,"22":43,"23":43,"24":43,"25":43,"26":43,"27":43,"28":43,"29":43,"30":1},"branchMap":{"0":{"type":"branch","line":5,"loc":{"start":{"line":5,"column":9},"end":{"line":17,"column":3}},"locations":[{"start":{"line":5,"column":9},"end":{"line":17,"column":3}}]},"1":{"type":"branch","line":19,"loc":{"start":{"line":19,"column":9},"end":{"line":30,"column":3}},"locations":[{"start":{"line":19,"column":9},"end":{"line":30,"column":3}}]}},"b":{"0":[87],"1":[43]},"fnMap":{"0":{"name":"toDomain","decl":{"start":{"line":5,"column":9},"end":{"line":17,"column":3}},"loc":{"start":{"line":5,"column":9},"end":{"line":17,"column":3}},"line":5},"1":{"name":"toPersistence","decl":{"start":{"line":19,"column":9},"end":{"line":30,"column":3}},"loc":{"start":{"line":19,"column":9},"end":{"line":30,"column":3}},"line":19}},"f":{"0":87,"1":43}}
,"/home/lucao/Documentos/workspace-javascript/pedidopago-monorepo/microservices/products/src/infra/prisma/client.ts": {"path":"/home/lucao/Documentos/workspace-javascript/pedidopago-monorepo/microservices/products/src/infra/prisma/client.ts","all":false,"statementMap":{"0":{"start":{"line":1,"column":0},"end":{"line":1,"column":45}},"1":{"start":{"line":2,"column":0},"end":{"line":2,"column":0}},"2":{"start":{"line":3,"column":0},"end":{"line":3,"column":40}},"3":{"start":{"line":4,"column":0},"end":{"line":4,"column":16}},"4":{"start":{"line":5,"column":0},"end":{"line":5,"column":9}},"5":{"start":{"line":6,"column":0},"end":{"line":6,"column":22}},"6":{"start":{"line":7,"column":0},"end":{"line":7,"column":32}},"7":{"start":{"line":8,"column":0},"end":{"line":8,"column":10}},"8":{"start":{"line":9,"column":0},"end":{"line":9,"column":36}},"9":{"start":{"line":10,"column":0},"end":{"line":10,"column":10}},"10":{"start":{"line":11,"column":0},"end":{"line":11,"column":37}},"11":{"start":{"line":12,"column":0},"end":{"line":12,"column":10}},"12":{"start":{"line":13,"column":0},"end":{"line":13,"column":32}},"13":{"start":{"line":14,"column":0},"end":{"line":14,"column":10}},"14":{"start":{"line":15,"column":0},"end":{"line":15,"column":36}},"15":{"start":{"line":16,"column":0},"end":{"line":16,"column":8}},"16":{"start":{"line":17,"column":0},"end":{"line":17,"column":5}},"17":{"start":{"line":18,"column":0},"end":{"line":18,"column":3}},"18":{"start":{"line":19,"column":0},"end":{"line":19,"column":2}}},"s":{"0":1,"1":1,"2":1,"3":1,"4":1,"5":1,"6":1,"7":1,"8":1,"9":1,"10":1,"11":1,"12":1,"13":1,"14":1,"15":1,"16":1,"17":1,"18":1},"branchMap":{},"b":{},"fnMap":{},"f":{}}
,"/home/lucao/Documentos/workspace-javascript/pedidopago-monorepo/microservices/products/src/infra/repositories/prisma/PrismaProductRepository.ts": {"path":"/home/lucao/Documentos/workspace-javascript/pedidopago-monorepo/microservices/products/src/infra/repositories/prisma/PrismaProductRepository.ts","all":false,"statementMap":{"0":{"start":{"line":1,"column":0},"end":{"line":1,"column":53}},"1":{"start":{"line":2,"column":0},"end":{"line":2,"column":111}},"2":{"start":{"line":3,"column":0},"end":{"line":3,"column":58}},"3":{"start":{"line":4,"column":0},"end":{"line":4,"column":59}},"4":{"start":{"line":5,"column":0},"end":{"line":5,"column":0}},"5":{"start":{"line":6,"column":0},"end":{"line":6,"column":67}},"6":{"start":{"line":7,"column":0},"end":{"line":7,"column":61}},"7":{"start":{"line":8,"column":0},"end":{"line":8,"column":53}},"8":{"start":{"line":9,"column":0},"end":{"line":9,"column":0}},"9":{"start":{"line":10,"column":0},"end":{"line":10,"column":65}},"10":{"start":{"line":11,"column":0},"end":{"line":11,"column":0}},"11":{"start":{"line":12,"column":0},"end":{"line":12,"column":49}},"12":{"start":{"line":13,"column":0},"end":{"line":13,"column":3}},"13":{"start":{"line":14,"column":0},"end":{"line":14,"column":0}},"14":{"start":{"line":15,"column":0},"end":{"line":15,"column":70}},"15":{"start":{"line":16,"column":0},"end":{"line":16,"column":59}},"16":{"start":{"line":17,"column":0},"end":{"line":17,"column":30}},"17":{"start":{"line":18,"column":0},"end":{"line":18,"column":6}},"18":{"start":{"line":19,"column":0},"end":{"line":19,"column":0}},"19":{"start":{"line":20,"column":0},"end":{"line":20,"column":24}},"20":{"start":{"line":21,"column":0},"end":{"line":21,"column":17}},"21":{"start":{"line":22,"column":0},"end":{"line":22,"column":5}},"22":{"start":{"line":23,"column":0},"end":{"line":23,"column":0}},"23":{"start":{"line":24,"column":0},"end":{"line":24,"column":47}},"24":{"start":{"line":25,"column":0},"end":{"line":25,"column":3}},"25":{"start":{"line":26,"column":0},"end":{"line":26,"column":0}},"26":{"start":{"line":27,"column":0},"end":{"line":27,"column":59}},"27":{"start":{"line":28,"column":0},"end":{"line":28,"column":53}},"28":{"start":{"line":29,"column":0},"end":{"line":29,"column":0}},"29":{"start":{"line":30,"column":0},"end":{"line":30,"column":64}},"30":{"start":{"line":31,"column":0},"end":{"line":31,"column":0}},"31":{"start":{"line":32,"column":0},"end":{"line":32,"column":48}},"32":{"start":{"line":33,"column":0},"end":{"line":33,"column":3}},"33":{"start":{"line":34,"column":0},"end":{"line":34,"column":0}},"34":{"start":{"line":35,"column":0},"end":{"line":35,"column":31}},"35":{"start":{"line":36,"column":0},"end":{"line":36,"column":39}},"36":{"start":{"line":37,"column":0},"end":{"line":37,"column":25}},"37":{"start":{"line":38,"column":0},"end":{"line":38,"column":53}},"38":{"start":{"line":39,"column":0},"end":{"line":39,"column":16}},"39":{"start":{"line":40,"column":0},"end":{"line":40,"column":30}},"40":{"start":{"line":41,"column":0},"end":{"line":41,"column":28}},"41":{"start":{"line":42,"column":0},"end":{"line":42,"column":33}},"42":{"start":{"line":43,"column":0},"end":{"line":43,"column":6}},"43":{"start":{"line":44,"column":0},"end":{"line":44,"column":0}},"44":{"start":{"line":45,"column":0},"end":{"line":45,"column":44}},"45":{"start":{"line":46,"column":0},"end":{"line":46,"column":48}},"46":{"start":{"line":47,"column":0},"end":{"line":47,"column":5}},"47":{"start":{"line":48,"column":0},"end":{"line":48,"column":0}},"48":{"start":{"line":49,"column":0},"end":{"line":49,"column":29}},"49":{"start":{"line":50,"column":0},"end":{"line":50,"column":3}},"50":{"start":{"line":51,"column":0},"end":{"line":51,"column":0}},"51":{"start":{"line":52,"column":0},"end":{"line":52,"column":78}},"52":{"start":{"line":53,"column":0},"end":{"line":53,"column":53}},"53":{"start":{"line":54,"column":0},"end":{"line":54,"column":30}},"54":{"start":{"line":55,"column":0},"end":{"line":55,"column":21}},"55":{"start":{"line":56,"column":0},"end":{"line":56,"column":26}},"56":{"start":{"line":57,"column":0},"end":{"line":57,"column":6}},"57":{"start":{"line":58,"column":0},"end":{"line":58,"column":0}},"58":{"start":{"line":59,"column":0},"end":{"line":59,"column":38}},"59":{"start":{"line":60,"column":0},"end":{"line":60,"column":48}},"60":{"start":{"line":61,"column":0},"end":{"line":61,"column":5}},"61":{"start":{"line":62,"column":0},"end":{"line":62,"column":0}},"62":{"start":{"line":63,"column":0},"end":{"line":63,"column":23}},"63":{"start":{"line":64,"column":0},"end":{"line":64,"column":3}},"64":{"start":{"line":65,"column":0},"end":{"line":65,"column":0}},"65":{"start":{"line":66,"column":0},"end":{"line":66,"column":60}},"66":{"start":{"line":67,"column":0},"end":{"line":67,"column":53}},"67":{"start":{"line":68,"column":0},"end":{"line":68,"column":0}},"68":{"start":{"line":69,"column":0},"end":{"line":69,"column":56}},"69":{"start":{"line":70,"column":0},"end":{"line":70,"column":29}},"70":{"start":{"line":71,"column":0},"end":{"line":71,"column":10}},"71":{"start":{"line":72,"column":0},"end":{"line":72,"column":6}},"72":{"start":{"line":73,"column":0},"end":{"line":73,"column":0}},"73":{"start":{"line":74,"column":0},"end":{"line":74,"column":48}},"74":{"start":{"line":75,"column":0},"end":{"line":75,"column":3}},"75":{"start":{"line":76,"column":0},"end":{"line":76,"column":0}},"76":{"start":{"line":77,"column":0},"end":{"line":77,"column":57}},"77":{"start":{"line":78,"column":0},"end":{"line":78,"column":34}},"78":{"start":{"line":79,"column":0},"end":{"line":79,"column":31}},"79":{"start":{"line":80,"column":0},"end":{"line":80,"column":6}},"80":{"start":{"line":81,"column":0},"end":{"line":81,"column":3}},"81":{"start":{"line":82,"column":0},"end":{"line":82,"column":1}}},"s":{"0":1,"1":1,"2":1,"3":1,"4":1,"5":1,"6":1,"7":41,"8":41,"9":41,"10":41,"11":41,"12":41,"13":1,"14":1,"15":8,"16":8,"17":8,"18":8,"19":8,"20":4,"21":4,"22":4,"23":4,"24":4,"25":1,"26":1,"27":1,"28":1,"29":1,"30":1,"31":1,"32":1,"33":1,"34":1,"35":5,"36":5,"37":5,"38":5,"39":5,"40":5,"41":5,"42":5,"43":5,"44":5,"45":5,"46":5,"47":5,"48":5,"49":5,"50":1,"51":1,"52":3,"53":3,"54":3,"55":3,"56":3,"57":3,"58":3,"59":3,"60":3,"61":3,"62":3,"63":3,"64":1,"65":1,"66":1,"67":1,"68":1,"69":1,"70":1,"71":1,"72":1,"73":1,"74":1,"75":1,"76":1,"77":1,"78":1,"79":1,"80":1,"81":1},"branchMap":{"0":{"type":"branch","line":7,"loc":{"start":{"line":7,"column":2},"end":{"line":13,"column":3}},"locations":[{"start":{"line":7,"column":2},"end":{"line":13,"column":3}}]},"1":{"type":"branch","line":15,"loc":{"start":{"line":15,"column":2},"end":{"line":25,"column":3}},"locations":[{"start":{"line":15,"column":2},"end":{"line":25,"column":3}}]},"2":{"type":"branch","line":20,"loc":{"start":{"line":20,"column":23},"end":{"line":25,"column":3}},"locations":[{"start":{"line":20,"column":23},"end":{"line":25,"column":3}}]},"3":{"type":"branch","line":27,"loc":{"start":{"line":27,"column":2},"end":{"line":33,"column":3}},"locations":[{"start":{"line":27,"column":2},"end":{"line":33,"column":3}}]},"4":{"type":"branch","line":35,"loc":{"start":{"line":35,"column":2},"end":{"line":50,"column":3}},"locations":[{"start":{"line":35,"column":2},"end":{"line":50,"column":3}}]},"5":{"type":"branch","line":46,"loc":{"start":{"line":46,"column":6},"end":{"line":46,"column":48}},"locations":[{"start":{"line":46,"column":6},"end":{"line":46,"column":48}}]},"6":{"type":"branch","line":52,"loc":{"start":{"line":52,"column":2},"end":{"line":64,"column":3}},"locations":[{"start":{"line":52,"column":2},"end":{"line":64,"column":3}}]},"7":{"type":"branch","line":60,"loc":{"start":{"line":60,"column":6},"end":{"line":60,"column":48}},"locations":[{"start":{"line":60,"column":6},"end":{"line":60,"column":48}}]},"8":{"type":"branch","line":66,"loc":{"start":{"line":66,"column":2},"end":{"line":75,"column":3}},"locations":[{"start":{"line":66,"column":2},"end":{"line":75,"column":3}}]},"9":{"type":"branch","line":77,"loc":{"start":{"line":77,"column":2},"end":{"line":81,"column":3}},"locations":[{"start":{"line":77,"column":2},"end":{"line":81,"column":3}}]}},"b":{"0":[41],"1":[8],"2":[4],"3":[1],"4":[5],"5":[25],"6":[3],"7":[15],"8":[1],"9":[1]},"fnMap":{"0":{"name":"createProducts","decl":{"start":{"line":7,"column":2},"end":{"line":13,"column":3}},"loc":{"start":{"line":7,"column":2},"end":{"line":13,"column":3}},"line":7},"1":{"name":"findProductById","decl":{"start":{"line":15,"column":2},"end":{"line":25,"column":3}},"loc":{"start":{"line":15,"column":2},"end":{"line":25,"column":3}},"line":15},"2":{"name":"cloneProduct","decl":{"start":{"line":27,"column":2},"end":{"line":33,"column":3}},"loc":{"start":{"line":27,"column":2},"end":{"line":33,"column":3}},"line":27},"3":{"name":"getProductInformation","decl":{"start":{"line":35,"column":2},"end":{"line":50,"column":3}},"loc":{"start":{"line":35,"column":2},"end":{"line":50,"column":3}},"line":35},"4":{"name":"listAllProducts","decl":{"start":{"line":52,"column":2},"end":{"line":64,"column":3}},"loc":{"start":{"line":52,"column":2},"end":{"line":64,"column":3}},"line":52},"5":{"name":"updateProduct","decl":{"start":{"line":66,"column":2},"end":{"line":75,"column":3}},"loc":{"start":{"line":66,"column":2},"end":{"line":75,"column":3}},"line":66},"6":{"name":"deleteProduct","decl":{"start":{"line":77,"column":2},"end":{"line":81,"column":3}},"loc":{"start":{"line":77,"column":2},"end":{"line":81,"column":3}},"line":77}},"f":{"0":41,"1":8,"2":1,"3":5,"4":3,"5":1,"6":1}}
}
