TN:
SF:src/core/domain/entities/Entity.ts
FN:7,get id
FN:11,Entity
FNF:2
FNH:2
FNDA:68,get id
FNDA:209,Entity
DA:1,1
DA:2,1
DA:3,1
DA:4,1
DA:5,1
DA:6,1
DA:7,1
DA:8,68
DA:9,68
DA:10,1
DA:11,1
DA:12,209
DA:13,209
DA:14,209
DA:15,1
LF:15
LH:15
BRDA:7,0,0,68
BRDA:11,1,0,209
BRDA:13,2,0,122
BRF:3
BRH:3
end_of_record
TN:
SF:src/core/domain/logic/Either.ts
FN:8,isLeft
FN:12,isRight
FN:4,Left
FN:24,isLeft
FN:28,isRight
FN:20,Right
FN:35,left
FN:39,right
FNF:8
FNH:8
FNDA:56,isLeft
FNDA:2,isRight
FNDA:58,Left
FNDA:51,isLeft
FNDA:12,isRight
FNDA:238,Right
FNDA:58,left
FNDA:238,right
DA:1,1
DA:2,1
DA:3,1
DA:4,1
DA:5,58
DA:6,58
DA:7,1
DA:8,1
DA:9,56
DA:10,56
DA:11,1
DA:12,1
DA:13,2
DA:14,2
DA:15,1
DA:16,1
DA:17,1
DA:18,1
DA:19,1
DA:20,1
DA:21,238
DA:22,238
DA:23,1
DA:24,1
DA:25,51
DA:26,51
DA:27,1
DA:28,1
DA:29,12
DA:30,12
DA:31,1
DA:32,1
DA:33,1
DA:34,1
DA:35,1
DA:36,58
DA:37,58
DA:38,1
DA:39,1
DA:40,238
DA:41,238
LF:41
LH:41
BRDA:8,0,0,56
BRDA:12,1,0,2
BRDA:4,2,0,58
BRDA:24,3,0,51
BRDA:28,4,0,12
BRDA:20,5,0,238
BRDA:35,6,0,58
BRDA:39,7,0,238
BRF:8
BRH:8
end_of_record
TN:
SF:src/domain/entities/Product.ts
FN:28,create
FN:24,Product
FNF:2
FNH:2
FNDA:209,create
FNDA:209,Product
DA:1,1
DA:2,1
DA:3,1
DA:4,1
DA:5,1
DA:6,1
DA:7,1
DA:8,1
DA:9,1
DA:10,1
DA:11,1
DA:12,1
DA:13,1
DA:14,1
DA:15,1
DA:16,1
DA:17,1
DA:18,1
DA:19,1
DA:20,1
DA:21,1
DA:22,1
DA:23,1
DA:24,1
DA:25,209
DA:26,209
DA:27,1
DA:28,1
DA:29,209
DA:30,209
DA:31,209
DA:32,209
DA:33,209
DA:34,209
DA:35,209
DA:36,209
DA:37,209
DA:38,209
DA:39,209
DA:40,209
DA:41,209
DA:42,209
DA:43,209
DA:44,209
DA:45,209
DA:46,209
DA:47,209
DA:48,209
DA:49,209
DA:50,209
DA:51,209
DA:52,209
DA:53,209
DA:54,209
DA:55,8
DA:56,8
DA:57,201
DA:58,209
DA:59,3
DA:60,3
DA:61,198
DA:62,209
DA:63,1
DA:64,1
DA:65,197
DA:66,209
DA:67,5
DA:68,5
DA:69,192
DA:70,209
DA:71,3
DA:72,3
DA:73,189
DA:74,209
DA:75,4
DA:76,4
DA:77,185
DA:78,209
DA:79,2
DA:80,2
DA:81,183
DA:82,183
DA:83,183
DA:84,1
LF:84
LH:84
BRDA:28,0,0,209
BRDA:54,1,0,208
BRDA:54,2,0,8
BRDA:57,3,0,201
BRDA:58,4,0,3
BRDA:61,5,0,198
BRDA:62,6,0,208
BRDA:62,7,0,1
BRDA:65,8,0,197
BRDA:66,9,0,5
BRDA:69,10,0,192
BRDA:70,11,0,3
BRDA:73,12,0,189
BRDA:74,13,0,4
BRDA:77,14,0,185
BRDA:78,15,0,2
BRDA:81,16,0,183
BRDA:24,17,0,209
BRF:18
BRH:18
end_of_record
TN:
SF:src/domain/entities/validations/AvailabilityValidation.ts
FN:4,validate
FNF:1
FNH:1
FNDA:209,validate
DA:1,1
DA:2,1
DA:3,1
DA:4,1
DA:5,209
DA:6,5
DA:7,5
DA:8,5
DA:9,5
DA:10,5
DA:11,204
DA:12,204
DA:13,204
DA:14,1
LF:14
LH:14
BRDA:4,0,0,209
BRDA:5,1,0,207
BRDA:5,2,0,5
BRDA:11,3,0,204
BRF:4
BRH:4
end_of_record
TN:
SF:src/domain/entities/validations/IngredientsValidation.ts
FN:4,validate
FNF:1
FNH:1
FNDA:209,validate
DA:1,1
DA:2,1
DA:3,1
DA:4,1
DA:5,209
DA:6,5
DA:7,5
DA:8,5
DA:9,5
DA:10,5
DA:11,204
DA:12,209
DA:13,1
DA:14,1
DA:15,1
DA:16,1
DA:17,1
DA:18,203
DA:19,209
DA:20,1
DA:21,1
DA:22,1
DA:23,1
DA:24,1
DA:25,202
DA:26,202
DA:27,202
DA:28,1
LF:28
LH:28
BRDA:4,0,0,209
BRDA:5,1,0,208
BRDA:5,2,0,5
BRDA:11,3,0,204
BRDA:12,4,0,1
BRDA:18,5,0,203
BRDA:19,6,0,206
BRDA:19,7,0,1
BRDA:25,8,0,202
BRF:9
BRH:9
end_of_record
TN:
SF:src/domain/entities/validations/NameValidation.ts
FN:4,validate
FNF:1
FNH:1
FNDA:209,validate
DA:1,1
DA:2,1
DA:3,1
DA:4,1
DA:5,209
DA:6,209
DA:7,209
DA:8,5
DA:9,5
DA:10,5
DA:11,5
DA:12,5
DA:13,204
DA:14,209
DA:15,1
DA:16,1
DA:17,1
DA:18,1
DA:19,1
DA:20,203
DA:21,209
DA:22,1
DA:23,1
DA:24,1
DA:25,1
DA:26,1
DA:27,202
DA:28,209
DA:29,1
DA:30,1
DA:31,1
DA:32,1
DA:33,1
DA:34,201
DA:35,201
DA:36,201
DA:37,1
LF:37
LH:37
BRDA:4,0,0,209
BRDA:7,1,0,208
BRDA:7,2,0,5
BRDA:13,3,0,204
BRDA:14,4,0,1
BRDA:20,5,0,203
BRDA:21,6,0,1
BRDA:27,7,0,202
BRDA:28,8,0,205
BRDA:28,9,0,1
BRDA:34,10,0,201
BRF:11
BRH:11
end_of_record
TN:
SF:src/domain/entities/validations/OthersValidation.ts
FN:4,validate
FNF:1
FNH:1
FNDA:209,validate
DA:1,1
DA:2,1
DA:3,1
DA:4,1
DA:5,209
DA:6,5
DA:7,5
DA:8,5
DA:9,5
DA:10,5
DA:11,204
DA:12,209
DA:13,1
DA:14,1
DA:15,1
DA:16,1
DA:17,1
DA:18,203
DA:19,203
DA:20,203
DA:21,1
LF:21
LH:21
BRDA:4,0,0,209
BRDA:5,1,0,208
BRDA:5,2,0,5
BRDA:11,3,0,204
BRDA:12,4,0,207
BRDA:12,5,0,1
BRDA:18,6,0,203
BRF:7
BRH:7
end_of_record
TN:
SF:src/domain/entities/validations/PriceValidation.ts
FN:4,validate
FNF:1
FNH:1
FNDA:209,validate
DA:1,1
DA:2,1
DA:3,1
DA:4,1
DA:5,209
DA:6,5
DA:7,5
DA:8,5
DA:9,5
DA:10,5
DA:11,204
DA:12,209
DA:13,1
DA:14,1
DA:15,1
DA:16,1
DA:17,1
DA:18,203
DA:19,209
DA:20,1
DA:21,1
DA:22,1
DA:23,1
DA:24,1
DA:25,202
DA:26,202
DA:27,202
DA:28,1
LF:28
LH:28
BRDA:4,0,0,209
BRDA:5,1,0,208
BRDA:5,2,0,5
BRDA:11,3,0,204
BRDA:12,4,0,1
BRDA:18,5,0,203
BRDA:19,6,0,206
BRDA:19,7,0,1
BRDA:25,8,0,202
BRF:9
BRH:9
end_of_record
TN:
SF:src/domain/entities/validations/ThumbnailValidation.ts
FN:4,validate
FNF:1
FNH:1
FNDA:209,validate
DA:1,1
DA:2,1
DA:3,1
DA:4,1
DA:5,209
DA:6,209
DA:7,209
DA:8,5
DA:9,5
DA:10,5
DA:11,5
DA:12,5
DA:13,204
DA:14,209
DA:15,1
DA:16,1
DA:17,1
DA:18,1
DA:19,1
DA:20,203
DA:21,209
DA:22,1
DA:23,1
DA:24,1
DA:25,1
DA:26,1
DA:27,202
DA:28,209
DA:29,1
DA:30,1
DA:31,1
DA:32,1
DA:33,1
DA:34,201
DA:35,201
DA:36,201
DA:37,1
LF:37
LH:37
BRDA:4,0,0,209
BRDA:7,1,0,208
BRDA:7,2,0,5
BRDA:13,3,0,204
BRDA:14,4,0,1
BRDA:20,5,0,203
BRDA:21,6,0,1
BRDA:27,7,0,202
BRDA:28,8,0,205
BRDA:28,9,0,1
BRDA:34,10,0,201
BRF:11
BRH:11
end_of_record
TN:
SF:src/domain/entities/validations/VolumeValidation.ts
FN:4,validate
FNF:1
FNH:1
FNDA:209,validate
DA:1,1
DA:2,1
DA:3,1
DA:4,1
DA:5,209
DA:6,1
DA:7,1
DA:8,1
DA:9,1
DA:10,1
DA:11,208
DA:12,208
DA:13,5
DA:14,5
DA:15,5
DA:16,5
DA:17,5
DA:18,203
DA:19,209
DA:20,1
DA:21,1
DA:22,1
DA:23,1
DA:24,1
DA:25,202
DA:26,209
DA:27,1
DA:28,1
DA:29,1
DA:30,1
DA:31,1
DA:32,201
DA:33,209
DA:34,1
DA:35,1
DA:36,1
DA:37,1
DA:38,1
DA:39,200
DA:40,200
DA:41,200
DA:42,1
LF:42
LH:42
BRDA:4,0,0,209
BRDA:5,1,0,1
BRDA:11,2,0,208
BRDA:12,3,0,5
BRDA:18,4,0,203
BRDA:19,5,0,1
BRDA:25,6,0,202
BRDA:26,7,0,1
BRDA:32,8,0,201
BRDA:33,9,0,204
BRDA:33,10,0,1
BRDA:39,11,0,200
BRF:12
BRH:12
end_of_record
TN:
SF:src/domain/entities/validations/index.ts
FNF:0
FNH:0
DA:1,1
DA:2,1
DA:3,1
DA:4,1
DA:5,1
DA:6,1
DA:7,1
DA:8,1
DA:9,1
DA:10,1
DA:11,1
DA:12,1
DA:13,1
DA:14,1
DA:15,1
DA:16,1
DA:17,1
LF:17
LH:17
BRF:0
BRH:0
end_of_record
TN:
SF:src/domain/repositories/inMemory/InMemoryProductRepository.ts
FN:7,createProducts
FN:13,findProductById
FN:19,cloneProduct
FN:23,getProductInformation
FN:65,listAllProducts
FN:73,updateProduct
FN:83,deleteProduct
FNF:7
FNH:7
FNDA:44,createProducts
FNDA:7,findProductById
FNDA:1,cloneProduct
FNDA:5,getProductInformation
FNDA:3,listAllProducts
FNDA:1,updateProduct
FNDA:1,deleteProduct
DA:1,1
DA:2,1
DA:3,1
DA:4,1
DA:5,1
DA:6,1
DA:7,1
DA:8,44
DA:9,44
DA:10,44
DA:11,44
DA:12,1
DA:13,1
DA:14,7
DA:15,7
DA:16,7
DA:17,7
DA:18,1
DA:19,1
DA:20,1
DA:21,1
DA:22,1
DA:23,1
DA:24,5
DA:25,5
DA:26,5
DA:27,5
DA:28,5
DA:29,5
DA:30,5
DA:31,2
DA:32,40
DA:33,40
DA:34,40
DA:35,40
DA:36,40
DA:37,40
DA:38,40
DA:39,40
DA:40,40
DA:41,40
DA:42,40
DA:43,40
DA:44,40
DA:45,40
DA:46,40
DA:47,40
DA:48,40
DA:49,40
DA:50,40
DA:51,40
DA:52,40
DA:53,40
DA:54,40
DA:55,40
DA:56,40
DA:57,40
DA:58,2
DA:59,5
DA:60,5
DA:61,5
DA:62,5
DA:63,5
DA:64,1
DA:65,1
DA:66,3
DA:67,3
DA:68,3
DA:69,3
DA:70,3
DA:71,3
DA:72,1
DA:73,1
DA:74,1
DA:75,1
DA:76,1
DA:77,1
DA:78,1
DA:79,1
DA:80,1
DA:81,1
DA:82,1
DA:83,1
DA:84,1
DA:85,1
DA:86,1
DA:87,1
DA:88,1
DA:89,1
DA:90,1
LF:90
LH:90
BRDA:7,0,0,44
BRDA:13,1,0,7
BRDA:14,2,0,8
BRDA:19,3,0,1
BRDA:23,4,0,5
BRDA:30,5,0,2
BRDA:31,6,0,40
BRDA:65,7,0,3
BRDA:66,8,0,60
BRDA:73,9,0,1
BRDA:75,10,0,1
BRDA:83,11,0,1
BRDA:85,12,0,1
BRF:13
BRH:13
end_of_record
TN:
SF:src/domain/useCases/CloneProductUseCase.ts
FN:13,execute
FN:11,CloneProductUseCase
FNF:2
FNH:2
FNDA:4,execute
FNDA:3,CloneProductUseCase
DA:1,1
DA:2,1
DA:3,1
DA:4,1
DA:5,1
DA:6,1
DA:7,1
DA:8,1
DA:9,1
DA:10,1
DA:11,1
DA:12,1
DA:13,1
DA:14,4
DA:15,4
DA:16,4
DA:17,4
DA:18,4
DA:19,4
DA:20,4
DA:21,2
DA:22,2
DA:23,2
DA:24,2
DA:25,2
DA:26,2
DA:27,2
DA:28,2
DA:29,2
DA:30,2
DA:31,2
DA:32,1
LF:32
LH:32
BRDA:13,0,0,4
BRDA:20,1,0,3
BRDA:20,2,0,2
BRDA:11,3,0,3
BRF:4
BRH:4
end_of_record
TN:
SF:src/domain/useCases/CreateProductUseCase.ts
FN:31,execute
FN:29,CreateProductUseCase
FNF:2
FNH:2
FNDA:73,execute
FNDA:50,CreateProductUseCase
DA:1,1
DA:2,1
DA:3,1
DA:4,1
DA:5,1
DA:6,1
DA:7,1
DA:8,1
DA:9,1
DA:10,1
DA:11,1
DA:12,1
DA:13,1
DA:14,1
DA:15,1
DA:16,1
DA:17,1
DA:18,1
DA:19,1
DA:20,1
DA:21,1
DA:22,1
DA:23,1
DA:24,1
DA:25,1
DA:26,1
DA:27,1
DA:28,1
DA:29,1
DA:30,1
DA:31,1
DA:32,73
DA:33,73
DA:34,73
DA:35,24
DA:36,24
DA:37,49
DA:38,49
DA:39,49
DA:40,49
DA:41,49
DA:42,49
DA:43,49
DA:44,1
LF:44
LH:44
BRDA:31,0,0,73
BRDA:34,1,0,70
BRDA:34,2,0,24
BRDA:37,3,0,49
BRDA:29,4,0,50
BRF:5
BRH:5
end_of_record
TN:
SF:src/domain/useCases/DeleteProductUseCase.ts
FN:12,execute
FN:10,DeleteProductUseCase
FNF:2
FNH:2
FNDA:4,execute
FNDA:3,DeleteProductUseCase
DA:1,1
DA:2,1
DA:3,1
DA:4,1
DA:5,1
DA:6,1
DA:7,1
DA:8,1
DA:9,1
DA:10,1
DA:11,1
DA:12,1
DA:13,4
DA:14,4
DA:15,4
DA:16,4
DA:17,4
DA:18,4
DA:19,4
DA:20,2
DA:21,2
DA:22,2
DA:23,2
DA:24,2
DA:25,2
DA:26,2
DA:27,1
LF:27
LH:27
BRDA:12,0,0,4
BRDA:19,1,0,3
BRDA:19,2,0,2
BRDA:10,3,0,3
BRF:4
BRH:4
end_of_record
TN:
SF:src/domain/useCases/GetProductInformation.ts
FN:15,execute
FN:13,GetProductInformationUseCase
FNF:2
FNH:2
FNDA:10,execute
FNDA:6,GetProductInformationUseCase
DA:1,1
DA:2,1
DA:3,1
DA:4,1
DA:5,1
DA:6,1
DA:7,1
DA:8,1
DA:9,1
DA:10,1
DA:11,1
DA:12,1
DA:13,1
DA:14,1
DA:15,1
DA:16,10
DA:17,10
DA:18,10
DA:19,10
DA:20,10
DA:21,10
DA:22,10
DA:23,10
DA:24,10
DA:25,10
DA:26,10
DA:27,10
DA:28,1
LF:28
LH:28
BRDA:15,0,0,10
BRDA:13,1,0,6
BRF:2
BRH:2
end_of_record
TN:
SF:src/domain/useCases/ListAllProductsUseCase.ts
FN:11,execute
FN:9,ListAllProductsUseCase
FNF:2
FNH:2
FNDA:6,execute
FNDA:4,ListAllProductsUseCase
DA:1,1
DA:2,1
DA:3,1
DA:4,1
DA:5,1
DA:6,1
DA:7,1
DA:8,1
DA:9,1
DA:10,1
DA:11,1
DA:12,6
DA:13,6
DA:14,6
DA:15,6
DA:16,6
DA:17,6
DA:18,6
DA:19,6
DA:20,6
DA:21,6
DA:22,1
LF:22
LH:22
BRDA:11,0,0,6
BRDA:9,1,0,4
BRF:2
BRH:2
end_of_record
TN:
SF:src/domain/useCases/UpdateProductUseCase.ts
FN:25,execute
FN:23,UpdateProductUseCase
FNF:2
FNH:2
FNDA:6,execute
FNDA:4,UpdateProductUseCase
DA:1,1
DA:2,1
DA:3,1
DA:4,1
DA:5,1
DA:6,1
DA:7,1
DA:8,1
DA:9,1
DA:10,1
DA:11,1
DA:12,1
DA:13,1
DA:14,1
DA:15,1
DA:16,1
DA:17,1
DA:18,1
DA:19,1
DA:20,1
DA:21,1
DA:22,1
DA:23,1
DA:24,1
DA:25,1
DA:26,6
DA:27,6
DA:28,6
DA:29,6
DA:30,6
DA:31,6
DA:32,6
DA:33,6
DA:34,2
DA:35,2
DA:36,4
DA:37,4
DA:38,4
DA:39,6
DA:40,2
DA:41,2
DA:42,2
DA:43,2
DA:44,2
DA:45,2
DA:46,2
DA:47,2
DA:48,2
DA:49,1
LF:49
LH:49
BRDA:25,0,0,6
BRDA:33,1,0,5
BRDA:33,2,0,2
BRDA:36,3,0,4
BRDA:39,4,0,2
BRDA:23,5,0,4
BRF:6
BRH:6
end_of_record
TN:
SF:src/domain/useCases/errors/ProductDoesNotExistsError.ts
FN:4,ProductDoesNotExistsError
FNF:1
FNH:1
FNDA:6,ProductDoesNotExistsError
DA:1,1
DA:2,1
DA:3,1
DA:4,1
DA:5,6
DA:6,6
DA:7,6
DA:8,1
LF:8
LH:8
BRDA:4,0,0,6
BRF:1
BRH:1
end_of_record
TN:
SF:src/infra/handlers/CloneProductHandler.ts
FN:7,handle
FNF:1
FNH:1
FNDA:2,handle
DA:1,1
DA:2,1
DA:3,1
DA:4,1
DA:5,1
DA:6,1
DA:7,1
DA:8,2
DA:9,2
DA:10,2
DA:11,2
DA:12,2
DA:13,2
DA:14,2
DA:15,2
DA:16,2
DA:17,2
DA:18,1
LF:18
LH:18
BRDA:7,0,0,2
BRF:1
BRH:1
end_of_record
TN:
SF:src/infra/handlers/CreateProductHandler.ts
FN:12,handle
FNF:1
FNH:1
FNDA:42,handle
DA:1,1
DA:2,1
DA:3,1
DA:4,1
DA:5,1
DA:6,1
DA:7,1
DA:8,1
DA:9,1
DA:10,1
DA:11,1
DA:12,1
DA:13,42
DA:14,42
DA:15,42
DA:16,42
DA:17,42
DA:18,42
DA:19,42
DA:20,42
DA:21,42
DA:22,42
DA:23,42
DA:24,42
DA:25,42
DA:26,42
DA:27,42
DA:28,42
DA:29,42
DA:30,42
DA:31,42
DA:32,42
DA:33,42
DA:34,42
DA:35,42
DA:36,42
DA:37,42
DA:38,42
DA:39,42
DA:40,42
DA:41,1
LF:41
LH:41
BRDA:12,0,0,42
BRF:1
BRH:1
end_of_record
TN:
SF:src/infra/handlers/DeleteProductHandler.ts
FN:7,handle
FNF:1
FNH:1
FNDA:2,handle
DA:1,1
DA:2,1
DA:3,1
DA:4,1
DA:5,1
DA:6,1
DA:7,1
DA:8,2
DA:9,2
DA:10,2
DA:11,2
DA:12,2
DA:13,2
DA:14,2
DA:15,2
DA:16,2
DA:17,2
DA:18,1
LF:18
LH:18
BRDA:7,0,0,2
BRF:1
BRH:1
end_of_record
TN:
SF:src/infra/handlers/GetProductInformationHandler.ts
FN:15,handle
FNF:1
FNH:1
FNDA:5,handle
DA:1,1
DA:2,1
DA:3,1
DA:4,1
DA:5,1
DA:6,1
DA:7,1
DA:8,1
DA:9,1
DA:10,1
DA:11,1
DA:12,1
DA:13,1
DA:14,1
DA:15,1
DA:16,5
DA:17,5
DA:18,5
DA:19,5
DA:20,5
DA:21,5
DA:22,5
DA:23,5
DA:24,5
DA:25,5
DA:26,5
DA:27,5
DA:28,5
DA:29,5
DA:30,5
DA:31,5
DA:32,5
DA:33,5
DA:34,1
LF:34
LH:34
BRDA:15,0,0,5
BRF:1
BRH:1
end_of_record
TN:
SF:src/infra/handlers/ListAllProductsHandler.ts
FN:11,handle
FNF:1
FNH:1
FNDA:3,handle
DA:1,1
DA:2,1
DA:3,1
DA:4,1
DA:5,1
DA:6,1
DA:7,1
DA:8,1
DA:9,1
DA:10,1
DA:11,1
DA:12,3
DA:13,3
DA:14,3
DA:15,3
DA:16,3
DA:17,3
DA:18,3
DA:19,3
DA:20,3
DA:21,3
DA:22,3
DA:23,3
DA:24,3
DA:25,1
LF:25
LH:25
BRDA:11,0,0,3
BRF:1
BRH:1
end_of_record
TN:
SF:src/infra/handlers/UpdateProductHandler.ts
FN:8,handle
FNF:1
FNH:1
FNDA:3,handle
DA:1,1
DA:2,1
DA:3,1
DA:4,1
DA:5,1
DA:6,1
DA:7,1
DA:8,1
DA:9,3
DA:10,3
DA:11,3
DA:12,3
DA:13,3
DA:14,3
DA:15,3
DA:16,3
DA:17,3
DA:18,3
DA:19,1
LF:19
LH:19
BRDA:8,0,0,3
BRF:1
BRH:1
end_of_record
TN:
SF:src/infra/mappers/ProductMapper.ts
FN:5,toDomain
FN:19,toPersistence
FNF:2
FNH:2
FNDA:87,toDomain
FNDA:43,toPersistence
DA:1,1
DA:2,1
DA:3,1
DA:4,1
DA:5,1
DA:6,87
DA:7,87
DA:8,87
DA:9,87
DA:10,87
DA:11,87
DA:12,87
DA:13,87
DA:14,87
DA:15,87
DA:16,87
DA:17,87
DA:18,1
DA:19,1
DA:20,43
DA:21,43
DA:22,43
DA:23,43
DA:24,43
DA:25,43
DA:26,43
DA:27,43
DA:28,43
DA:29,43
DA:30,43
DA:31,1
LF:31
LH:31
BRDA:5,0,0,87
BRDA:19,1,0,43
BRF:2
BRH:2
end_of_record
TN:
SF:src/infra/prisma/client.ts
FNF:0
FNH:0
DA:1,1
DA:2,1
DA:3,1
DA:4,1
DA:5,1
DA:6,1
DA:7,1
DA:8,1
DA:9,1
DA:10,1
DA:11,1
DA:12,1
DA:13,1
DA:14,1
DA:15,1
DA:16,1
DA:17,1
DA:18,1
DA:19,1
LF:19
LH:19
BRF:0
BRH:0
end_of_record
TN:
SF:src/infra/repositories/prisma/PrismaProductRepository.ts
FN:7,createProducts
FN:15,findProductById
FN:27,cloneProduct
FN:35,getProductInformation
FN:52,listAllProducts
FN:66,updateProduct
FN:77,deleteProduct
FNF:7
FNH:7
FNDA:41,createProducts
FNDA:8,findProductById
FNDA:1,cloneProduct
FNDA:5,getProductInformation
FNDA:3,listAllProducts
FNDA:1,updateProduct
FNDA:1,deleteProduct
DA:1,1
DA:2,1
DA:3,1
DA:4,1
DA:5,1
DA:6,1
DA:7,1
DA:8,41
DA:9,41
DA:10,41
DA:11,41
DA:12,41
DA:13,41
DA:14,1
DA:15,1
DA:16,8
DA:17,8
DA:18,8
DA:19,8
DA:20,8
DA:21,4
DA:22,4
DA:23,4
DA:24,4
DA:25,4
DA:26,1
DA:27,1
DA:28,1
DA:29,1
DA:30,1
DA:31,1
DA:32,1
DA:33,1
DA:34,1
DA:35,1
DA:36,5
DA:37,5
DA:38,5
DA:39,5
DA:40,5
DA:41,5
DA:42,5
DA:43,5
DA:44,5
DA:45,5
DA:46,5
DA:47,5
DA:48,5
DA:49,5
DA:50,5
DA:51,1
DA:52,1
DA:53,3
DA:54,3
DA:55,3
DA:56,3
DA:57,3
DA:58,3
DA:59,3
DA:60,3
DA:61,3
DA:62,3
DA:63,3
DA:64,3
DA:65,1
DA:66,1
DA:67,1
DA:68,1
DA:69,1
DA:70,1
DA:71,1
DA:72,1
DA:73,1
DA:74,1
DA:75,1
DA:76,1
DA:77,1
DA:78,1
DA:79,1
DA:80,1
DA:81,1
DA:82,1
LF:82
LH:82
BRDA:7,0,0,41
BRDA:15,1,0,8
BRDA:20,2,0,4
BRDA:27,3,0,1
BRDA:35,4,0,5
BRDA:46,5,0,25
BRDA:52,6,0,3
BRDA:60,7,0,15
BRDA:66,8,0,1
BRDA:77,9,0,1
BRF:10
BRH:10
end_of_record
