TN:
SF:src/core/domain/entities/Entity.ts
FN:7,get id
FN:11,Entity
FNF:2
FNH:2
FNDA:19,get id
FNDA:77,Entity
DA:1,1
DA:2,1
DA:3,1
DA:4,1
DA:5,1
DA:6,1
DA:7,1
DA:8,19
DA:9,19
DA:10,1
DA:11,1
DA:12,77
DA:13,77
DA:14,77
DA:15,1
LF:15
LH:15
BRDA:7,0,0,19
BRDA:11,1,0,77
BRF:2
BRH:2
end_of_record
TN:
SF:src/core/domain/logic/Either.ts
FN:8,isLeft
FN:12,isRight
FN:4,Left
FN:24,isLeft
FN:28,isRight
FN:20,Right
FN:35,left
FN:39,right
FNF:8
FNH:8
FNDA:46,isLeft
FNDA:2,isRight
FNDA:48,Left
FNDA:9,isLeft
FNDA:8,isRight
FNDA:63,Right
FNDA:48,left
FNDA:63,right
DA:1,1
DA:2,1
DA:3,1
DA:4,1
DA:5,48
DA:6,48
DA:7,1
DA:8,1
DA:9,46
DA:10,46
DA:11,1
DA:12,1
DA:13,2
DA:14,2
DA:15,1
DA:16,1
DA:17,1
DA:18,1
DA:19,1
DA:20,1
DA:21,63
DA:22,63
DA:23,1
DA:24,1
DA:25,9
DA:26,9
DA:27,1
DA:28,1
DA:29,8
DA:30,8
DA:31,1
DA:32,1
DA:33,1
DA:34,1
DA:35,1
DA:36,48
DA:37,48
DA:38,1
DA:39,1
DA:40,63
DA:41,63
LF:41
LH:41
BRDA:8,0,0,46
BRDA:12,1,0,2
BRDA:4,2,0,48
BRDA:24,3,0,9
BRDA:28,4,0,8
BRDA:20,5,0,63
BRDA:35,6,0,48
BRDA:39,7,0,63
BRF:8
BRH:8
end_of_record
TN:
SF:src/domain/entities/Product.ts
FN:28,create
FN:24,Product
FNF:2
FNH:2
FNDA:77,create
FNDA:77,Product
DA:1,1
DA:2,1
DA:3,1
DA:4,1
DA:5,1
DA:6,1
DA:7,1
DA:8,1
DA:9,1
DA:10,1
DA:11,1
DA:12,1
DA:13,1
DA:14,1
DA:15,1
DA:16,1
DA:17,1
DA:18,1
DA:19,1
DA:20,1
DA:21,1
DA:22,1
DA:23,1
DA:24,1
DA:25,77
DA:26,77
DA:27,1
DA:28,1
DA:29,77
DA:30,77
DA:31,77
DA:32,77
DA:33,77
DA:34,77
DA:35,77
DA:36,77
DA:37,77
DA:38,77
DA:39,77
DA:40,77
DA:41,77
DA:42,77
DA:43,77
DA:44,77
DA:45,77
DA:46,77
DA:47,77
DA:48,77
DA:49,77
DA:50,77
DA:51,77
DA:52,77
DA:53,77
DA:54,77
DA:55,6
DA:56,6
DA:57,71
DA:58,77
DA:59,3
DA:60,3
DA:61,68
DA:62,77
DA:63,1
DA:64,1
DA:65,67
DA:66,77
DA:67,5
DA:68,5
DA:69,62
DA:70,77
DA:71,3
DA:72,3
DA:73,59
DA:74,77
DA:75,4
DA:76,4
DA:77,55
DA:78,77
DA:79,2
DA:80,2
DA:81,53
DA:82,53
DA:83,53
DA:84,1
LF:84
LH:84
BRDA:28,0,0,77
BRDA:54,1,0,76
BRDA:54,2,0,6
BRDA:57,3,0,71
BRDA:58,4,0,3
BRDA:61,5,0,68
BRDA:62,6,0,76
BRDA:62,7,0,1
BRDA:65,8,0,67
BRDA:66,9,0,5
BRDA:69,10,0,62
BRDA:70,11,0,3
BRDA:73,12,0,59
BRDA:74,13,0,4
BRDA:77,14,0,55
BRDA:78,15,0,2
BRDA:81,16,0,53
BRDA:24,17,0,77
BRF:18
BRH:18
end_of_record
TN:
SF:src/domain/entities/validations/AvailabilityValidation.ts
FN:4,validate
FNF:1
FNH:1
FNDA:77,validate
DA:1,1
DA:2,1
DA:3,1
DA:4,1
DA:5,77
DA:6,3
DA:7,3
DA:8,3
DA:9,3
DA:10,3
DA:11,74
DA:12,74
DA:13,74
DA:14,1
LF:14
LH:14
BRDA:4,0,0,77
BRDA:5,1,0,75
BRDA:5,2,0,3
BRDA:11,3,0,74
BRF:4
BRH:4
end_of_record
TN:
SF:src/domain/entities/validations/IngredientsValidation.ts
FN:4,validate
FNF:1
FNH:1
FNDA:77,validate
DA:1,1
DA:2,1
DA:3,1
DA:4,1
DA:5,77
DA:6,3
DA:7,3
DA:8,3
DA:9,3
DA:10,3
DA:11,74
DA:12,77
DA:13,1
DA:14,1
DA:15,1
DA:16,1
DA:17,1
DA:18,73
DA:19,77
DA:20,1
DA:21,1
DA:22,1
DA:23,1
DA:24,1
DA:25,72
DA:26,72
DA:27,72
DA:28,1
LF:28
LH:28
BRDA:4,0,0,77
BRDA:5,1,0,76
BRDA:5,2,0,3
BRDA:11,3,0,74
BRDA:12,4,0,1
BRDA:18,5,0,73
BRDA:19,6,0,74
BRDA:19,7,0,1
BRDA:25,8,0,72
BRF:9
BRH:9
end_of_record
TN:
SF:src/domain/entities/validations/NameValidation.ts
FN:4,validate
FNF:1
FNH:1
FNDA:77,validate
DA:1,1
DA:2,1
DA:3,1
DA:4,1
DA:5,77
DA:6,77
DA:7,77
DA:8,3
DA:9,3
DA:10,3
DA:11,3
DA:12,3
DA:13,74
DA:14,77
DA:15,1
DA:16,1
DA:17,1
DA:18,1
DA:19,1
DA:20,73
DA:21,77
DA:22,1
DA:23,1
DA:24,1
DA:25,1
DA:26,1
DA:27,72
DA:28,77
DA:29,1
DA:30,1
DA:31,1
DA:32,1
DA:33,1
DA:34,71
DA:35,71
DA:36,71
DA:37,1
LF:37
LH:37
BRDA:4,0,0,77
BRDA:7,1,0,76
BRDA:7,2,0,3
BRDA:13,3,0,74
BRDA:14,4,0,1
BRDA:20,5,0,73
BRDA:21,6,0,1
BRDA:27,7,0,72
BRDA:28,8,0,73
BRDA:28,9,0,1
BRDA:34,10,0,71
BRF:11
BRH:11
end_of_record
TN:
SF:src/domain/entities/validations/OthersValidation.ts
FN:4,validate
FNF:1
FNH:1
FNDA:77,validate
DA:1,1
DA:2,1
DA:3,1
DA:4,1
DA:5,77
DA:6,3
DA:7,3
DA:8,3
DA:9,3
DA:10,3
DA:11,74
DA:12,77
DA:13,1
DA:14,1
DA:15,1
DA:16,1
DA:17,1
DA:18,73
DA:19,73
DA:20,73
DA:21,1
LF:21
LH:21
BRDA:4,0,0,77
BRDA:5,1,0,76
BRDA:5,2,0,3
BRDA:11,3,0,74
BRDA:12,4,0,75
BRDA:12,5,0,1
BRDA:18,6,0,73
BRF:7
BRH:7
end_of_record
TN:
SF:src/domain/entities/validations/PriceValidation.ts
FN:4,validate
FNF:1
FNH:1
FNDA:77,validate
DA:1,1
DA:2,1
DA:3,1
DA:4,1
DA:5,77
DA:6,3
DA:7,3
DA:8,3
DA:9,3
DA:10,3
DA:11,74
DA:12,77
DA:13,1
DA:14,1
DA:15,1
DA:16,1
DA:17,1
DA:18,73
DA:19,77
DA:20,1
DA:21,1
DA:22,1
DA:23,1
DA:24,1
DA:25,72
DA:26,72
DA:27,72
DA:28,1
LF:28
LH:28
BRDA:4,0,0,77
BRDA:5,1,0,76
BRDA:5,2,0,3
BRDA:11,3,0,74
BRDA:12,4,0,1
BRDA:18,5,0,73
BRDA:19,6,0,74
BRDA:19,7,0,1
BRDA:25,8,0,72
BRF:9
BRH:9
end_of_record
TN:
SF:src/domain/entities/validations/ThumbnailValidation.ts
FN:4,validate
FNF:1
FNH:1
FNDA:77,validate
DA:1,1
DA:2,1
DA:3,1
DA:4,1
DA:5,77
DA:6,77
DA:7,77
DA:8,3
DA:9,3
DA:10,3
DA:11,3
DA:12,3
DA:13,74
DA:14,77
DA:15,1
DA:16,1
DA:17,1
DA:18,1
DA:19,1
DA:20,73
DA:21,77
DA:22,1
DA:23,1
DA:24,1
DA:25,1
DA:26,1
DA:27,72
DA:28,77
DA:29,1
DA:30,1
DA:31,1
DA:32,1
DA:33,1
DA:34,71
DA:35,71
DA:36,71
DA:37,1
LF:37
LH:37
BRDA:4,0,0,77
BRDA:7,1,0,76
BRDA:7,2,0,3
BRDA:13,3,0,74
BRDA:14,4,0,1
BRDA:20,5,0,73
BRDA:21,6,0,1
BRDA:27,7,0,72
BRDA:28,8,0,73
BRDA:28,9,0,1
BRDA:34,10,0,71
BRF:11
BRH:11
end_of_record
TN:
SF:src/domain/entities/validations/VolumeValidation.ts
FN:4,validate
FNF:1
FNH:1
FNDA:77,validate
DA:1,1
DA:2,1
DA:3,1
DA:4,1
DA:5,77
DA:6,1
DA:7,1
DA:8,1
DA:9,1
DA:10,1
DA:11,76
DA:12,76
DA:13,3
DA:14,3
DA:15,3
DA:16,3
DA:17,3
DA:18,73
DA:19,77
DA:20,1
DA:21,1
DA:22,1
DA:23,1
DA:24,1
DA:25,72
DA:26,77
DA:27,1
DA:28,1
DA:29,1
DA:30,1
DA:31,1
DA:32,71
DA:33,77
DA:34,1
DA:35,1
DA:36,1
DA:37,1
DA:38,1
DA:39,70
DA:40,70
DA:41,70
DA:42,1
LF:42
LH:42
BRDA:4,0,0,77
BRDA:5,1,0,1
BRDA:11,2,0,76
BRDA:12,3,0,3
BRDA:18,4,0,73
BRDA:19,5,0,1
BRDA:25,6,0,72
BRDA:26,7,0,1
BRDA:32,8,0,71
BRDA:33,9,0,72
BRDA:33,10,0,1
BRDA:39,11,0,70
BRF:12
BRH:12
end_of_record
TN:
SF:src/domain/entities/validations/index.ts
FNF:0
FNH:0
DA:1,1
DA:2,1
DA:3,1
DA:4,1
DA:5,1
DA:6,1
DA:7,1
DA:8,1
DA:9,1
DA:10,1
DA:11,1
DA:12,1
DA:13,1
DA:14,1
DA:15,1
DA:16,1
DA:17,1
LF:17
LH:17
BRF:0
BRH:0
end_of_record
TN:
SF:src/domain/repositories/inMemory/InMemoryProductRepository.ts
FN:7,createProducts
FN:13,findProductById
FN:19,cloneProduct
FN:23,getProductInformation
FN:65,listAllProducts
FN:73,updateProduct
FN:83,deleteProduct
FNF:7
FNH:7
FNDA:44,createProducts
FNDA:7,findProductById
FNDA:1,cloneProduct
FNDA:5,getProductInformation
FNDA:3,listAllProducts
FNDA:1,updateProduct
FNDA:1,deleteProduct
DA:1,1
DA:2,1
DA:3,1
DA:4,1
DA:5,1
DA:6,1
DA:7,1
DA:8,44
DA:9,44
DA:10,44
DA:11,44
DA:12,1
DA:13,1
DA:14,7
DA:15,7
DA:16,7
DA:17,7
DA:18,1
DA:19,1
DA:20,1
DA:21,1
DA:22,1
DA:23,1
DA:24,5
DA:25,5
DA:26,5
DA:27,5
DA:28,5
DA:29,5
DA:30,5
DA:31,2
DA:32,40
DA:33,40
DA:34,40
DA:35,40
DA:36,40
DA:37,40
DA:38,40
DA:39,40
DA:40,40
DA:41,40
DA:42,40
DA:43,40
DA:44,40
DA:45,40
DA:46,40
DA:47,40
DA:48,40
DA:49,40
DA:50,40
DA:51,40
DA:52,40
DA:53,40
DA:54,40
DA:55,40
DA:56,40
DA:57,40
DA:58,2
DA:59,5
DA:60,5
DA:61,5
DA:62,5
DA:63,5
DA:64,1
DA:65,1
DA:66,3
DA:67,3
DA:68,3
DA:69,3
DA:70,3
DA:71,3
DA:72,1
DA:73,1
DA:74,1
DA:75,1
DA:76,1
DA:77,1
DA:78,1
DA:79,1
DA:80,1
DA:81,1
DA:82,1
DA:83,1
DA:84,1
DA:85,1
DA:86,1
DA:87,1
DA:88,1
DA:89,1
DA:90,1
LF:90
LH:90
BRDA:7,0,0,44
BRDA:13,1,0,7
BRDA:14,2,0,8
BRDA:19,3,0,1
BRDA:23,4,0,5
BRDA:30,5,0,2
BRDA:31,6,0,40
BRDA:65,7,0,3
BRDA:66,8,0,60
BRDA:73,9,0,1
BRDA:75,10,0,1
BRDA:83,11,0,1
BRDA:85,12,0,1
BRF:13
BRH:13
end_of_record
TN:
SF:src/domain/useCases/CloneProductUseCase.ts
FN:11,execute
FN:9,CloneProductUseCase
FNF:2
FNH:2
FNDA:2,execute
FNDA:1,CloneProductUseCase
DA:1,1
DA:2,1
DA:3,1
DA:4,1
DA:5,1
DA:6,1
DA:7,1
DA:8,1
DA:9,1
DA:10,1
DA:11,1
DA:12,2
DA:13,2
DA:14,2
DA:15,2
DA:16,2
DA:17,2
DA:18,2
DA:19,1
DA:20,1
DA:21,1
DA:22,1
DA:23,1
DA:24,1
DA:25,1
DA:26,1
DA:27,1
DA:28,1
DA:29,1
DA:30,1
LF:30
LH:30
BRDA:11,0,0,2
BRDA:18,1,0,1
BRDA:9,2,0,1
BRF:3
BRH:3
end_of_record
TN:
SF:src/domain/useCases/CreateProductUseCase.ts
FN:31,execute
FN:29,CreateProductUseCase
FNF:2
FNH:2
FNDA:31,execute
FNDA:8,CreateProductUseCase
DA:1,1
DA:2,1
DA:3,1
DA:4,1
DA:5,1
DA:6,1
DA:7,1
DA:8,1
DA:9,1
DA:10,1
DA:11,1
DA:12,1
DA:13,1
DA:14,1
DA:15,1
DA:16,1
DA:17,1
DA:18,1
DA:19,1
DA:20,1
DA:21,1
DA:22,1
DA:23,1
DA:24,1
DA:25,1
DA:26,1
DA:27,1
DA:28,1
DA:29,1
DA:30,1
DA:31,1
DA:32,31
DA:33,31
DA:34,31
DA:35,23
DA:36,23
DA:37,8
DA:38,8
DA:39,8
DA:40,8
DA:41,8
DA:42,8
DA:43,8
DA:44,1
LF:44
LH:44
BRDA:31,0,0,31
BRDA:34,1,0,29
BRDA:34,2,0,23
BRDA:37,3,0,8
BRDA:29,4,0,8
BRF:5
BRH:5
end_of_record
TN:
SF:src/domain/useCases/DeleteProductUseCase.ts
FN:11,execute
FN:9,DeleteProductUseCase
FNF:2
FNH:2
FNDA:2,execute
FNDA:1,DeleteProductUseCase
DA:1,1
DA:2,1
DA:3,1
DA:4,1
DA:5,1
DA:6,1
DA:7,1
DA:8,1
DA:9,1
DA:10,1
DA:11,1
DA:12,2
DA:13,2
DA:14,2
DA:15,2
DA:16,2
DA:17,2
DA:18,2
DA:19,1
DA:20,1
DA:21,1
DA:22,1
DA:23,1
DA:24,1
DA:25,1
DA:26,1
LF:26
LH:26
BRDA:11,0,0,2
BRDA:18,1,0,1
BRDA:9,2,0,1
BRF:3
BRH:3
end_of_record
TN:
SF:src/domain/useCases/GetProductInformation.ts
FN:15,execute
FN:13,GetProductInformation
FNF:2
FNH:2
FNDA:5,execute
FNDA:1,GetProductInformation
DA:1,1
DA:2,1
DA:3,1
DA:4,1
DA:5,1
DA:6,1
DA:7,1
DA:8,1
DA:9,1
DA:10,1
DA:11,1
DA:12,1
DA:13,1
DA:14,1
DA:15,1
DA:16,5
DA:17,5
DA:18,5
DA:19,5
DA:20,5
DA:21,5
DA:22,5
DA:23,5
DA:24,5
DA:25,5
DA:26,5
DA:27,5
DA:28,1
LF:28
LH:28
BRDA:15,0,0,5
BRDA:13,1,0,1
BRF:2
BRH:2
end_of_record
TN:
SF:src/domain/useCases/ListAllProductsUseCase.ts
FN:11,execute
FN:9,ListAllProductsUseCase
FNF:2
FNH:2
FNDA:3,execute
FNDA:1,ListAllProductsUseCase
DA:1,1
DA:2,1
DA:3,1
DA:4,1
DA:5,1
DA:6,1
DA:7,1
DA:8,1
DA:9,1
DA:10,1
DA:11,1
DA:12,3
DA:13,3
DA:14,3
DA:15,3
DA:16,3
DA:17,3
DA:18,3
DA:19,3
DA:20,3
DA:21,3
DA:22,1
LF:22
LH:22
BRDA:11,0,0,3
BRDA:9,1,0,1
BRF:2
BRH:2
end_of_record
TN:
SF:src/domain/useCases/UpdateProductUseCase.ts
FN:23,execute
FN:21,UpdateProductUseCase
FNF:2
FNH:2
FNDA:3,execute
FNDA:1,UpdateProductUseCase
DA:1,1
DA:2,1
DA:3,1
DA:4,1
DA:5,1
DA:6,1
DA:7,1
DA:8,1
DA:9,1
DA:10,1
DA:11,1
DA:12,1
DA:13,1
DA:14,1
DA:15,1
DA:16,1
DA:17,1
DA:18,1
DA:19,1
DA:20,1
DA:21,1
DA:22,1
DA:23,1
DA:24,3
DA:25,3
DA:26,3
DA:27,3
DA:28,3
DA:29,3
DA:30,3
DA:31,3
DA:32,1
DA:33,1
DA:34,2
DA:35,2
DA:36,2
DA:37,3
DA:38,1
DA:39,1
DA:40,1
DA:41,1
DA:42,1
DA:43,1
DA:44,1
DA:45,1
DA:46,1
DA:47,1
LF:47
LH:47
BRDA:23,0,0,3
BRDA:31,1,0,1
BRDA:34,2,0,2
BRDA:37,3,0,1
BRDA:21,4,0,1
BRF:5
BRH:5
end_of_record
